mode: atomic
sigs.k8s.io/external-dns/internal/testutils/endpoint.go:30.37,30.54 1 1
sigs.k8s.io/external-dns/internal/testutils/endpoint.go:31.37,31.64 1 12
sigs.k8s.io/external-dns/internal/testutils/endpoint.go:32.42,33.33 1 16
sigs.k8s.io/external-dns/internal/testutils/endpoint.go:36.2,36.34 1 8
sigs.k8s.io/external-dns/internal/testutils/endpoint.go:43.2,43.14 1 3
sigs.k8s.io/external-dns/internal/testutils/endpoint.go:33.33,35.3 1 8
sigs.k8s.io/external-dns/internal/testutils/endpoint.go:36.34,38.38 1 5
sigs.k8s.io/external-dns/internal/testutils/endpoint.go:41.3,41.56 1 1
sigs.k8s.io/external-dns/internal/testutils/endpoint.go:38.38,40.4 1 4
sigs.k8s.io/external-dns/internal/testutils/endpoint.go:48.49,53.2 1 0
sigs.k8s.io/external-dns/internal/testutils/endpoint.go:60.52,61.22 1 0
sigs.k8s.io/external-dns/internal/testutils/endpoint.go:65.2,70.20 5 0
sigs.k8s.io/external-dns/internal/testutils/endpoint.go:75.2,75.13 1 0
sigs.k8s.io/external-dns/internal/testutils/endpoint.go:61.22,63.3 1 0
sigs.k8s.io/external-dns/internal/testutils/endpoint.go:70.20,71.34 1 0
sigs.k8s.io/external-dns/internal/testutils/endpoint.go:71.34,73.4 1 0
sigs.k8s.io/external-dns/internal/testutils/endpoint.go:79.57,80.22 1 0
sigs.k8s.io/external-dns/internal/testutils/endpoint.go:84.2,89.20 5 0
sigs.k8s.io/external-dns/internal/testutils/endpoint.go:94.2,94.13 1 0
sigs.k8s.io/external-dns/internal/testutils/endpoint.go:80.22,82.3 1 0
sigs.k8s.io/external-dns/internal/testutils/endpoint.go:89.20,90.53 1 0
sigs.k8s.io/external-dns/internal/testutils/endpoint.go:90.53,92.4 1 0
sigs.k8s.io/external-dns/internal/testutils/endpoint.go:98.65,101.2 1 0
sigs.k8s.io/external-dns/internal/testutils/endpoint.go:104.64,106.2 1 0
sigs.k8s.io/external-dns/internal/testutils/init.go:29.13,31.30 2 1
sigs.k8s.io/external-dns/internal/testutils/init.go:31.30,34.3 2 1
sigs.k8s.io/external-dns/internal/testutils/init.go:34.8,35.70 1 0
sigs.k8s.io/external-dns/internal/testutils/init.go:35.70,37.4 1 0
sigs.k8s.io/external-dns/internal/testutils/mock_source.go:34.83,38.22 3 0
sigs.k8s.io/external-dns/internal/testutils/mock_source.go:42.2,42.56 1 0
sigs.k8s.io/external-dns/internal/testutils/mock_source.go:38.22,40.3 1 0
sigs.k8s.io/external-dns/internal/testutils/mock_source.go:46.75,47.12 1 0
sigs.k8s.io/external-dns/internal/testutils/mock_source.go:47.12,51.7 3 0
sigs.k8s.io/external-dns/internal/testutils/mock_source.go:51.7,52.11 1 0
sigs.k8s.io/external-dns/internal/testutils/mock_source.go:53.22,54.11 1 0
sigs.k8s.io/external-dns/internal/testutils/mock_source.go:55.20,56.14 1 0
sigs.k8s.io/external-dns/provider/alibabacloud/alibaba_cloud.go:98.183,100.22 2 0
sigs.k8s.io/external-dns/provider/alibabacloud/alibaba_cloud.go:118.2,121.24 3 0
sigs.k8s.io/external-dns/provider/alibabacloud/alibaba_cloud.go:136.2,136.16 1 0
sigs.k8s.io/external-dns/provider/alibabacloud/alibaba_cloud.go:141.2,142.24 2 0
sigs.k8s.io/external-dns/provider/alibabacloud/alibaba_cloud.go:157.2,157.16 1 0
sigs.k8s.io/external-dns/provider/alibabacloud/alibaba_cloud.go:161.2,171.24 2 0
sigs.k8s.io/external-dns/provider/alibabacloud/alibaba_cloud.go:175.2,175.22 1 0
sigs.k8s.io/external-dns/provider/alibabacloud/alibaba_cloud.go:100.22,102.17 2 0
sigs.k8s.io/external-dns/provider/alibabacloud/alibaba_cloud.go:105.3,106.17 2 0
sigs.k8s.io/external-dns/provider/alibabacloud/alibaba_cloud.go:102.17,104.4 1 0
sigs.k8s.io/external-dns/provider/alibabacloud/alibaba_cloud.go:106.17,108.4 1 0
sigs.k8s.io/external-dns/provider/alibabacloud/alibaba_cloud.go:109.8,112.22 3 0
sigs.k8s.io/external-dns/provider/alibabacloud/alibaba_cloud.go:112.22,114.4 1 0
sigs.k8s.io/external-dns/provider/alibabacloud/alibaba_cloud.go:121.24,127.3 1 0
sigs.k8s.io/external-dns/provider/alibabacloud/alibaba_cloud.go:127.8,134.3 1 0
sigs.k8s.io/external-dns/provider/alibabacloud/alibaba_cloud.go:136.16,138.3 1 0
sigs.k8s.io/external-dns/provider/alibabacloud/alibaba_cloud.go:142.24,148.3 1 0
sigs.k8s.io/external-dns/provider/alibabacloud/alibaba_cloud.go:148.8,155.3 1 0
sigs.k8s.io/external-dns/provider/alibabacloud/alibaba_cloud.go:157.16,159.3 1 0
sigs.k8s.io/external-dns/provider/alibabacloud/alibaba_cloud.go:171.24,174.3 2 0
sigs.k8s.io/external-dns/provider/alibabacloud/alibaba_cloud.go:178.63,184.46 5 0
sigs.k8s.io/external-dns/provider/alibabacloud/alibaba_cloud.go:187.2,188.16 2 0
sigs.k8s.io/external-dns/provider/alibabacloud/alibaba_cloud.go:191.2,192.16 2 0
sigs.k8s.io/external-dns/provider/alibabacloud/alibaba_cloud.go:195.2,196.16 2 0
sigs.k8s.io/external-dns/provider/alibabacloud/alibaba_cloud.go:199.2,206.17 8 0
sigs.k8s.io/external-dns/provider/alibabacloud/alibaba_cloud.go:184.46,186.3 1 0
sigs.k8s.io/external-dns/provider/alibabacloud/alibaba_cloud.go:188.16,190.3 1 0
sigs.k8s.io/external-dns/provider/alibabacloud/alibaba_cloud.go:192.16,194.3 1 0
sigs.k8s.io/external-dns/provider/alibabacloud/alibaba_cloud.go:196.16,198.3 1 0
sigs.k8s.io/external-dns/provider/alibabacloud/alibaba_cloud.go:209.66,213.2 3 11
sigs.k8s.io/external-dns/provider/alibabacloud/alibaba_cloud.go:215.75,219.2 3 16
sigs.k8s.io/external-dns/provider/alibabacloud/alibaba_cloud.go:221.68,225.2 3 0
sigs.k8s.io/external-dns/provider/alibabacloud/alibaba_cloud.go:227.73,228.6 1 0
sigs.k8s.io/external-dns/provider/alibabacloud/alibaba_cloud.go:228.6,232.17 4 0
sigs.k8s.io/external-dns/provider/alibabacloud/alibaba_cloud.go:236.3,241.33 6 0
sigs.k8s.io/external-dns/provider/alibabacloud/alibaba_cloud.go:248.3,249.17 2 0
sigs.k8s.io/external-dns/provider/alibabacloud/alibaba_cloud.go:253.3,259.17 2 0
sigs.k8s.io/external-dns/provider/alibabacloud/alibaba_cloud.go:263.3,269.17 2 0
sigs.k8s.io/external-dns/provider/alibabacloud/alibaba_cloud.go:273.3,278.24 6 0
sigs.k8s.io/external-dns/provider/alibabacloud/alibaba_cloud.go:232.17,234.12 2 0
sigs.k8s.io/external-dns/provider/alibabacloud/alibaba_cloud.go:241.33,243.4 1 0
sigs.k8s.io/external-dns/provider/alibabacloud/alibaba_cloud.go:243.9,246.12 3 0
sigs.k8s.io/external-dns/provider/alibabacloud/alibaba_cloud.go:249.17,251.12 2 0
sigs.k8s.io/external-dns/provider/alibabacloud/alibaba_cloud.go:259.17,261.12 2 0
sigs.k8s.io/external-dns/provider/alibabacloud/alibaba_cloud.go:269.17,271.12 2 0
sigs.k8s.io/external-dns/provider/alibabacloud/alibaba_cloud.go:285.105,286.19 1 5
sigs.k8s.io/external-dns/provider/alibabacloud/alibaba_cloud.go:291.2,291.23 1 5
sigs.k8s.io/external-dns/provider/alibabacloud/alibaba_cloud.go:286.19,288.3 1 3
sigs.k8s.io/external-dns/provider/alibabacloud/alibaba_cloud.go:288.8,290.3 1 2
sigs.k8s.io/external-dns/provider/alibabacloud/alibaba_cloud.go:297.95,298.91 1 2
sigs.k8s.io/external-dns/provider/alibabacloud/alibaba_cloud.go:303.2,303.19 1 2
sigs.k8s.io/external-dns/provider/alibabacloud/alibaba_cloud.go:306.2,306.38 1 1
sigs.k8s.io/external-dns/provider/alibabacloud/alibaba_cloud.go:298.91,301.3 1 0
sigs.k8s.io/external-dns/provider/alibabacloud/alibaba_cloud.go:303.19,305.3 1 1
sigs.k8s.io/external-dns/provider/alibabacloud/alibaba_cloud.go:309.69,310.32 1 11
sigs.k8s.io/external-dns/provider/alibabacloud/alibaba_cloud.go:313.2,313.26 1 11
sigs.k8s.io/external-dns/provider/alibabacloud/alibaba_cloud.go:310.32,312.3 1 0
sigs.k8s.io/external-dns/provider/alibabacloud/alibaba_cloud.go:319.90,321.16 2 2
sigs.k8s.io/external-dns/provider/alibabacloud/alibaba_cloud.go:324.2,324.53 1 2
sigs.k8s.io/external-dns/provider/alibabacloud/alibaba_cloud.go:340.2,340.23 1 2
sigs.k8s.io/external-dns/provider/alibabacloud/alibaba_cloud.go:321.16,323.3 1 0
sigs.k8s.io/external-dns/provider/alibabacloud/alibaba_cloud.go:324.53,330.37 5 5
sigs.k8s.io/external-dns/provider/alibabacloud/alibaba_cloud.go:337.3,338.36 2 5
sigs.k8s.io/external-dns/provider/alibabacloud/alibaba_cloud.go:330.37,332.27 2 6
sigs.k8s.io/external-dns/provider/alibabacloud/alibaba_cloud.go:335.4,335.37 1 6
sigs.k8s.io/external-dns/provider/alibabacloud/alibaba_cloud.go:332.27,334.5 1 1
sigs.k8s.io/external-dns/provider/alibabacloud/alibaba_cloud.go:343.70,344.39 1 14
sigs.k8s.io/external-dns/provider/alibabacloud/alibaba_cloud.go:347.2,347.23 1 0
sigs.k8s.io/external-dns/provider/alibabacloud/alibaba_cloud.go:344.39,346.3 1 14
sigs.k8s.io/external-dns/provider/alibabacloud/alibaba_cloud.go:350.74,351.39 1 8
sigs.k8s.io/external-dns/provider/alibabacloud/alibaba_cloud.go:354.2,354.64 1 8
sigs.k8s.io/external-dns/provider/alibabacloud/alibaba_cloud.go:351.39,353.3 1 0
sigs.k8s.io/external-dns/provider/alibabacloud/alibaba_cloud.go:357.91,359.2 1 2
sigs.k8s.io/external-dns/provider/alibabacloud/alibaba_cloud.go:361.111,363.33 2 3
sigs.k8s.io/external-dns/provider/alibabacloud/alibaba_cloud.go:369.2,369.20 1 3
sigs.k8s.io/external-dns/provider/alibabacloud/alibaba_cloud.go:363.33,368.3 3 8
sigs.k8s.io/external-dns/provider/alibabacloud/alibaba_cloud.go:372.67,376.73 3 3
sigs.k8s.io/external-dns/provider/alibabacloud/alibaba_cloud.go:400.2,401.21 2 3
sigs.k8s.io/external-dns/provider/alibabacloud/alibaba_cloud.go:376.73,378.20 2 0
sigs.k8s.io/external-dns/provider/alibabacloud/alibaba_cloud.go:382.3,382.45 1 0
sigs.k8s.io/external-dns/provider/alibabacloud/alibaba_cloud.go:378.20,381.4 2 0
sigs.k8s.io/external-dns/provider/alibabacloud/alibaba_cloud.go:382.45,384.18 2 0
sigs.k8s.io/external-dns/provider/alibabacloud/alibaba_cloud.go:388.4,388.44 1 0
sigs.k8s.io/external-dns/provider/alibabacloud/alibaba_cloud.go:384.18,386.13 2 0
sigs.k8s.io/external-dns/provider/alibabacloud/alibaba_cloud.go:390.8,391.53 1 3
sigs.k8s.io/external-dns/provider/alibabacloud/alibaba_cloud.go:391.53,393.18 2 6
sigs.k8s.io/external-dns/provider/alibabacloud/alibaba_cloud.go:397.4,397.44 1 6
sigs.k8s.io/external-dns/provider/alibabacloud/alibaba_cloud.go:393.18,395.13 2 0
sigs.k8s.io/external-dns/provider/alibabacloud/alibaba_cloud.go:404.66,409.6 5 0
sigs.k8s.io/external-dns/provider/alibabacloud/alibaba_cloud.go:425.2,425.25 1 0
sigs.k8s.io/external-dns/provider/alibabacloud/alibaba_cloud.go:409.6,411.17 2 0
sigs.k8s.io/external-dns/provider/alibabacloud/alibaba_cloud.go:415.3,415.49 1 0
sigs.k8s.io/external-dns/provider/alibabacloud/alibaba_cloud.go:418.3,419.20 2 0
sigs.k8s.io/external-dns/provider/alibabacloud/alibaba_cloud.go:411.17,414.4 2 0
sigs.k8s.io/external-dns/provider/alibabacloud/alibaba_cloud.go:415.49,417.4 1 0
sigs.k8s.io/external-dns/provider/alibabacloud/alibaba_cloud.go:419.20,420.9 1 0
sigs.k8s.io/external-dns/provider/alibabacloud/alibaba_cloud.go:421.9,423.4 1 0
sigs.k8s.io/external-dns/provider/alibabacloud/alibaba_cloud.go:428.93,434.6 6 6
sigs.k8s.io/external-dns/provider/alibabacloud/alibaba_cloud.go:463.2,463.21 1 6
sigs.k8s.io/external-dns/provider/alibabacloud/alibaba_cloud.go:434.6,437.17 2 6
sigs.k8s.io/external-dns/provider/alibabacloud/alibaba_cloud.go:442.3,442.56 1 6
sigs.k8s.io/external-dns/provider/alibabacloud/alibaba_cloud.go:455.3,456.20 2 6
sigs.k8s.io/external-dns/provider/alibabacloud/alibaba_cloud.go:437.17,440.4 2 0
sigs.k8s.io/external-dns/provider/alibabacloud/alibaba_cloud.go:442.56,446.41 3 8
sigs.k8s.io/external-dns/provider/alibabacloud/alibaba_cloud.go:449.4,449.49 1 8
sigs.k8s.io/external-dns/provider/alibabacloud/alibaba_cloud.go:453.4,453.37 1 8
sigs.k8s.io/external-dns/provider/alibabacloud/alibaba_cloud.go:446.41,447.13 1 0
sigs.k8s.io/external-dns/provider/alibabacloud/alibaba_cloud.go:449.49,450.13 1 0
sigs.k8s.io/external-dns/provider/alibabacloud/alibaba_cloud.go:456.20,457.9 1 6
sigs.k8s.io/external-dns/provider/alibabacloud/alibaba_cloud.go:458.9,460.4 1 0
sigs.k8s.io/external-dns/provider/alibabacloud/alibaba_cloud.go:466.80,470.16 3 1
sigs.k8s.io/external-dns/provider/alibabacloud/alibaba_cloud.go:474.2,479.12 5 1
sigs.k8s.io/external-dns/provider/alibabacloud/alibaba_cloud.go:470.16,472.3 1 0
sigs.k8s.io/external-dns/provider/alibabacloud/alibaba_cloud.go:482.74,485.2 1 2
sigs.k8s.io/external-dns/provider/alibabacloud/alibaba_cloud.go:487.76,488.43 1 7
sigs.k8s.io/external-dns/provider/alibabacloud/alibaba_cloud.go:491.2,491.14 1 0
sigs.k8s.io/external-dns/provider/alibabacloud/alibaba_cloud.go:488.43,490.3 1 7
sigs.k8s.io/external-dns/provider/alibabacloud/alibaba_cloud.go:494.95,502.14 7 3
sigs.k8s.io/external-dns/provider/alibabacloud/alibaba_cloud.go:506.2,506.34 1 3
sigs.k8s.io/external-dns/provider/alibabacloud/alibaba_cloud.go:510.2,512.14 2 3
sigs.k8s.io/external-dns/provider/alibabacloud/alibaba_cloud.go:517.2,518.16 2 3
sigs.k8s.io/external-dns/provider/alibabacloud/alibaba_cloud.go:523.2,523.12 1 3
sigs.k8s.io/external-dns/provider/alibabacloud/alibaba_cloud.go:502.14,504.3 1 3
sigs.k8s.io/external-dns/provider/alibabacloud/alibaba_cloud.go:506.34,508.3 1 0
sigs.k8s.io/external-dns/provider/alibabacloud/alibaba_cloud.go:512.14,515.3 2 0
sigs.k8s.io/external-dns/provider/alibabacloud/alibaba_cloud.go:518.16,520.3 1 3
sigs.k8s.io/external-dns/provider/alibabacloud/alibaba_cloud.go:520.8,522.3 1 0
sigs.k8s.io/external-dns/provider/alibabacloud/alibaba_cloud.go:526.84,527.37 1 1
sigs.k8s.io/external-dns/provider/alibabacloud/alibaba_cloud.go:532.2,532.12 1 1
sigs.k8s.io/external-dns/provider/alibabacloud/alibaba_cloud.go:527.37,528.43 1 2
sigs.k8s.io/external-dns/provider/alibabacloud/alibaba_cloud.go:528.43,530.4 1 2
sigs.k8s.io/external-dns/provider/alibabacloud/alibaba_cloud.go:535.68,536.14 1 1
sigs.k8s.io/external-dns/provider/alibabacloud/alibaba_cloud.go:541.2,544.16 4 1
sigs.k8s.io/external-dns/provider/alibabacloud/alibaba_cloud.go:549.2,549.12 1 1
sigs.k8s.io/external-dns/provider/alibabacloud/alibaba_cloud.go:536.14,539.3 2 0
sigs.k8s.io/external-dns/provider/alibabacloud/alibaba_cloud.go:544.16,546.3 1 1
sigs.k8s.io/external-dns/provider/alibabacloud/alibaba_cloud.go:546.8,548.3 1 0
sigs.k8s.io/external-dns/provider/alibabacloud/alibaba_cloud.go:552.102,559.14 7 1
sigs.k8s.io/external-dns/provider/alibabacloud/alibaba_cloud.go:562.2,563.16 2 1
sigs.k8s.io/external-dns/provider/alibabacloud/alibaba_cloud.go:568.2,568.12 1 1
sigs.k8s.io/external-dns/provider/alibabacloud/alibaba_cloud.go:559.14,561.3 1 1
sigs.k8s.io/external-dns/provider/alibabacloud/alibaba_cloud.go:563.16,565.3 1 1
sigs.k8s.io/external-dns/provider/alibabacloud/alibaba_cloud.go:565.8,567.3 1 0
sigs.k8s.io/external-dns/provider/alibabacloud/alibaba_cloud.go:571.122,572.37 1 1
sigs.k8s.io/external-dns/provider/alibabacloud/alibaba_cloud.go:595.2,595.12 1 1
sigs.k8s.io/external-dns/provider/alibabacloud/alibaba_cloud.go:572.37,576.34 4 1
sigs.k8s.io/external-dns/provider/alibabacloud/alibaba_cloud.go:591.3,591.13 1 1
sigs.k8s.io/external-dns/provider/alibabacloud/alibaba_cloud.go:576.34,578.28 2 1
sigs.k8s.io/external-dns/provider/alibabacloud/alibaba_cloud.go:582.4,582.44 1 1
sigs.k8s.io/external-dns/provider/alibabacloud/alibaba_cloud.go:578.28,580.5 1 1
sigs.k8s.io/external-dns/provider/alibabacloud/alibaba_cloud.go:582.44,584.24 1 1
sigs.k8s.io/external-dns/provider/alibabacloud/alibaba_cloud.go:584.24,587.11 3 1
sigs.k8s.io/external-dns/provider/alibabacloud/alibaba_cloud.go:591.13,593.4 1 0
sigs.k8s.io/external-dns/provider/alibabacloud/alibaba_cloud.go:598.95,600.42 2 1
sigs.k8s.io/external-dns/provider/alibabacloud/alibaba_cloud.go:604.2,605.42 2 1
sigs.k8s.io/external-dns/provider/alibabacloud/alibaba_cloud.go:609.2,609.21 1 1
sigs.k8s.io/external-dns/provider/alibabacloud/alibaba_cloud.go:600.42,602.3 1 0
sigs.k8s.io/external-dns/provider/alibabacloud/alibaba_cloud.go:605.42,607.3 1 0
sigs.k8s.io/external-dns/provider/alibabacloud/alibaba_cloud.go:612.122,613.37 1 1
sigs.k8s.io/external-dns/provider/alibabacloud/alibaba_cloud.go:653.2,653.12 1 1
sigs.k8s.io/external-dns/provider/alibabacloud/alibaba_cloud.go:613.37,616.34 3 1
sigs.k8s.io/external-dns/provider/alibabacloud/alibaba_cloud.go:637.3,637.43 1 1
sigs.k8s.io/external-dns/provider/alibabacloud/alibaba_cloud.go:616.34,618.28 2 1
sigs.k8s.io/external-dns/provider/alibabacloud/alibaba_cloud.go:621.4,622.44 2 1
sigs.k8s.io/external-dns/provider/alibabacloud/alibaba_cloud.go:628.4,628.13 1 1
sigs.k8s.io/external-dns/provider/alibabacloud/alibaba_cloud.go:618.28,620.5 1 0
sigs.k8s.io/external-dns/provider/alibabacloud/alibaba_cloud.go:622.44,624.24 1 2
sigs.k8s.io/external-dns/provider/alibabacloud/alibaba_cloud.go:624.24,626.6 1 1
sigs.k8s.io/external-dns/provider/alibabacloud/alibaba_cloud.go:628.13,629.36 1 1
sigs.k8s.io/external-dns/provider/alibabacloud/alibaba_cloud.go:629.36,632.6 1 1
sigs.k8s.io/external-dns/provider/alibabacloud/alibaba_cloud.go:633.10,635.5 1 0
sigs.k8s.io/external-dns/provider/alibabacloud/alibaba_cloud.go:637.43,638.36 1 2
sigs.k8s.io/external-dns/provider/alibabacloud/alibaba_cloud.go:641.4,642.35 2 2
sigs.k8s.io/external-dns/provider/alibabacloud/alibaba_cloud.go:648.4,648.14 1 2
sigs.k8s.io/external-dns/provider/alibabacloud/alibaba_cloud.go:638.36,640.5 1 0
sigs.k8s.io/external-dns/provider/alibabacloud/alibaba_cloud.go:642.35,644.31 1 2
sigs.k8s.io/external-dns/provider/alibabacloud/alibaba_cloud.go:644.31,646.6 1 1
sigs.k8s.io/external-dns/provider/alibabacloud/alibaba_cloud.go:648.14,650.5 1 1
sigs.k8s.io/external-dns/provider/alibabacloud/alibaba_cloud.go:656.101,661.48 3 15
sigs.k8s.io/external-dns/provider/alibabacloud/alibaba_cloud.go:674.2,674.12 1 15
sigs.k8s.io/external-dns/provider/alibabacloud/alibaba_cloud.go:689.2,689.14 1 15
sigs.k8s.io/external-dns/provider/alibabacloud/alibaba_cloud.go:693.2,693.19 1 15
sigs.k8s.io/external-dns/provider/alibabacloud/alibaba_cloud.go:661.48,662.42 1 20
sigs.k8s.io/external-dns/provider/alibabacloud/alibaba_cloud.go:662.42,666.9 4 12
sigs.k8s.io/external-dns/provider/alibabacloud/alibaba_cloud.go:667.9,667.28 1 8
sigs.k8s.io/external-dns/provider/alibabacloud/alibaba_cloud.go:667.28,671.4 3 1
sigs.k8s.io/external-dns/provider/alibabacloud/alibaba_cloud.go:674.12,676.21 2 2
sigs.k8s.io/external-dns/provider/alibabacloud/alibaba_cloud.go:676.21,679.4 2 2
sigs.k8s.io/external-dns/provider/alibabacloud/alibaba_cloud.go:679.9,682.19 3 0
sigs.k8s.io/external-dns/provider/alibabacloud/alibaba_cloud.go:685.4,685.28 1 0
sigs.k8s.io/external-dns/provider/alibabacloud/alibaba_cloud.go:682.19,684.5 1 0
sigs.k8s.io/external-dns/provider/alibabacloud/alibaba_cloud.go:689.14,691.3 1 3
sigs.k8s.io/external-dns/provider/alibabacloud/alibaba_cloud.go:696.61,701.16 5 4
sigs.k8s.io/external-dns/provider/alibabacloud/alibaba_cloud.go:705.2,706.44 2 4
sigs.k8s.io/external-dns/provider/alibabacloud/alibaba_cloud.go:712.2,712.17 1 4
sigs.k8s.io/external-dns/provider/alibabacloud/alibaba_cloud.go:701.16,704.3 2 0
sigs.k8s.io/external-dns/provider/alibabacloud/alibaba_cloud.go:706.44,707.27 1 4
sigs.k8s.io/external-dns/provider/alibabacloud/alibaba_cloud.go:707.27,709.9 2 4
sigs.k8s.io/external-dns/provider/alibabacloud/alibaba_cloud.go:715.68,722.6 6 4
sigs.k8s.io/external-dns/provider/alibabacloud/alibaba_cloud.go:749.2,749.19 1 4
sigs.k8s.io/external-dns/provider/alibabacloud/alibaba_cloud.go:722.6,724.17 2 4
sigs.k8s.io/external-dns/provider/alibabacloud/alibaba_cloud.go:728.3,728.44 1 4
sigs.k8s.io/external-dns/provider/alibabacloud/alibaba_cloud.go:742.3,743.20 2 4
sigs.k8s.io/external-dns/provider/alibabacloud/alibaba_cloud.go:724.17,727.4 2 0
sigs.k8s.io/external-dns/provider/alibabacloud/alibaba_cloud.go:728.44,731.42 2 4
sigs.k8s.io/external-dns/provider/alibabacloud/alibaba_cloud.go:734.4,734.44 1 4
sigs.k8s.io/external-dns/provider/alibabacloud/alibaba_cloud.go:737.4,737.32 1 4
sigs.k8s.io/external-dns/provider/alibabacloud/alibaba_cloud.go:740.4,740.31 1 4
sigs.k8s.io/external-dns/provider/alibabacloud/alibaba_cloud.go:731.42,732.13 1 0
sigs.k8s.io/external-dns/provider/alibabacloud/alibaba_cloud.go:734.44,735.13 1 0
sigs.k8s.io/external-dns/provider/alibabacloud/alibaba_cloud.go:737.32,738.13 1 0
sigs.k8s.io/external-dns/provider/alibabacloud/alibaba_cloud.go:743.20,744.9 1 4
sigs.k8s.io/external-dns/provider/alibabacloud/alibaba_cloud.go:745.9,747.4 1 0
sigs.k8s.io/external-dns/provider/alibabacloud/alibaba_cloud.go:757.90,765.16 5 4
sigs.k8s.io/external-dns/provider/alibabacloud/alibaba_cloud.go:769.2,769.29 1 4
sigs.k8s.io/external-dns/provider/alibabacloud/alibaba_cloud.go:810.2,811.20 2 4
sigs.k8s.io/external-dns/provider/alibabacloud/alibaba_cloud.go:765.16,767.3 1 0
sigs.k8s.io/external-dns/provider/alibabacloud/alibaba_cloud.go:769.29,777.7 7 4
sigs.k8s.io/external-dns/provider/alibabacloud/alibaba_cloud.go:803.3,808.39 3 4
sigs.k8s.io/external-dns/provider/alibabacloud/alibaba_cloud.go:777.7,780.18 2 4
sigs.k8s.io/external-dns/provider/alibabacloud/alibaba_cloud.go:785.4,785.51 1 4
sigs.k8s.io/external-dns/provider/alibabacloud/alibaba_cloud.go:795.4,796.21 2 4
sigs.k8s.io/external-dns/provider/alibabacloud/alibaba_cloud.go:780.18,783.5 2 0
sigs.k8s.io/external-dns/provider/alibabacloud/alibaba_cloud.go:785.51,788.50 2 9
sigs.k8s.io/external-dns/provider/alibabacloud/alibaba_cloud.go:793.5,793.38 1 9
sigs.k8s.io/external-dns/provider/alibabacloud/alibaba_cloud.go:788.50,789.14 1 0
sigs.k8s.io/external-dns/provider/alibabacloud/alibaba_cloud.go:796.21,797.10 1 4
sigs.k8s.io/external-dns/provider/alibabacloud/alibaba_cloud.go:798.10,800.5 1 0
sigs.k8s.io/external-dns/provider/alibabacloud/alibaba_cloud.go:814.121,817.38 2 3
sigs.k8s.io/external-dns/provider/alibabacloud/alibaba_cloud.go:823.2,823.20 1 3
sigs.k8s.io/external-dns/provider/alibabacloud/alibaba_cloud.go:817.38,821.3 3 7
sigs.k8s.io/external-dns/provider/alibabacloud/alibaba_cloud.go:829.95,831.16 2 3
sigs.k8s.io/external-dns/provider/alibabacloud/alibaba_cloud.go:835.2,835.29 1 3
sigs.k8s.io/external-dns/provider/alibabacloud/alibaba_cloud.go:856.2,856.23 1 3
sigs.k8s.io/external-dns/provider/alibabacloud/alibaba_cloud.go:831.16,833.3 1 0
sigs.k8s.io/external-dns/provider/alibabacloud/alibaba_cloud.go:835.29,837.40 2 3
sigs.k8s.io/external-dns/provider/alibabacloud/alibaba_cloud.go:837.40,841.54 4 6
sigs.k8s.io/external-dns/provider/alibabacloud/alibaba_cloud.go:844.4,845.38 2 6
sigs.k8s.io/external-dns/provider/alibabacloud/alibaba_cloud.go:852.4,853.37 2 6
sigs.k8s.io/external-dns/provider/alibabacloud/alibaba_cloud.go:841.54,843.5 1 0
sigs.k8s.io/external-dns/provider/alibabacloud/alibaba_cloud.go:845.38,847.28 2 7
sigs.k8s.io/external-dns/provider/alibabacloud/alibaba_cloud.go:850.5,850.38 1 7
sigs.k8s.io/external-dns/provider/alibabacloud/alibaba_cloud.go:847.28,849.6 1 2
sigs.k8s.io/external-dns/provider/alibabacloud/alibaba_cloud.go:859.144,862.17 3 2
sigs.k8s.io/external-dns/provider/alibabacloud/alibaba_cloud.go:868.2,875.14 7 2
sigs.k8s.io/external-dns/provider/alibabacloud/alibaba_cloud.go:879.2,879.34 1 2
sigs.k8s.io/external-dns/provider/alibabacloud/alibaba_cloud.go:883.2,885.14 2 2
sigs.k8s.io/external-dns/provider/alibabacloud/alibaba_cloud.go:890.2,891.16 2 2
sigs.k8s.io/external-dns/provider/alibabacloud/alibaba_cloud.go:896.2,896.12 1 2
sigs.k8s.io/external-dns/provider/alibabacloud/alibaba_cloud.go:862.17,866.3 3 0
sigs.k8s.io/external-dns/provider/alibabacloud/alibaba_cloud.go:875.14,877.3 1 2
sigs.k8s.io/external-dns/provider/alibabacloud/alibaba_cloud.go:879.34,881.3 1 0
sigs.k8s.io/external-dns/provider/alibabacloud/alibaba_cloud.go:885.14,888.3 2 0
sigs.k8s.io/external-dns/provider/alibabacloud/alibaba_cloud.go:891.16,893.3 1 2
sigs.k8s.io/external-dns/provider/alibabacloud/alibaba_cloud.go:893.8,895.3 1 0
sigs.k8s.io/external-dns/provider/alibabacloud/alibaba_cloud.go:899.133,900.37 1 1
sigs.k8s.io/external-dns/provider/alibabacloud/alibaba_cloud.go:905.2,905.12 1 1
sigs.k8s.io/external-dns/provider/alibabacloud/alibaba_cloud.go:900.37,901.43 1 1
sigs.k8s.io/external-dns/provider/alibabacloud/alibaba_cloud.go:901.43,903.4 1 1
sigs.k8s.io/external-dns/provider/alibabacloud/alibaba_cloud.go:908.78,909.14 1 1
sigs.k8s.io/external-dns/provider/alibabacloud/alibaba_cloud.go:913.2,918.16 5 1
sigs.k8s.io/external-dns/provider/alibabacloud/alibaba_cloud.go:923.2,923.12 1 1
sigs.k8s.io/external-dns/provider/alibabacloud/alibaba_cloud.go:909.14,911.3 1 0
sigs.k8s.io/external-dns/provider/alibabacloud/alibaba_cloud.go:918.16,920.3 1 1
sigs.k8s.io/external-dns/provider/alibabacloud/alibaba_cloud.go:920.8,922.3 1 0
sigs.k8s.io/external-dns/provider/alibabacloud/alibaba_cloud.go:926.133,927.37 1 1
sigs.k8s.io/external-dns/provider/alibabacloud/alibaba_cloud.go:957.2,957.12 1 1
sigs.k8s.io/external-dns/provider/alibabacloud/alibaba_cloud.go:927.37,931.18 3 1
sigs.k8s.io/external-dns/provider/alibabacloud/alibaba_cloud.go:936.3,937.39 2 1
sigs.k8s.io/external-dns/provider/alibabacloud/alibaba_cloud.go:953.3,953.13 1 1
sigs.k8s.io/external-dns/provider/alibabacloud/alibaba_cloud.go:931.18,934.12 3 0
sigs.k8s.io/external-dns/provider/alibabacloud/alibaba_cloud.go:937.39,938.61 1 2
sigs.k8s.io/external-dns/provider/alibabacloud/alibaba_cloud.go:938.61,940.29 2 1
sigs.k8s.io/external-dns/provider/alibabacloud/alibaba_cloud.go:943.5,943.45 1 1
sigs.k8s.io/external-dns/provider/alibabacloud/alibaba_cloud.go:940.29,942.6 1 1
sigs.k8s.io/external-dns/provider/alibabacloud/alibaba_cloud.go:943.45,945.25 1 1
sigs.k8s.io/external-dns/provider/alibabacloud/alibaba_cloud.go:945.25,948.12 3 1
sigs.k8s.io/external-dns/provider/alibabacloud/alibaba_cloud.go:953.13,955.4 1 0
sigs.k8s.io/external-dns/provider/alibabacloud/alibaba_cloud.go:963.88,967.16 3 1
sigs.k8s.io/external-dns/provider/alibabacloud/alibaba_cloud.go:971.2,971.36 1 1
sigs.k8s.io/external-dns/provider/alibabacloud/alibaba_cloud.go:975.2,978.12 4 1
sigs.k8s.io/external-dns/provider/alibabacloud/alibaba_cloud.go:967.16,969.3 1 0
sigs.k8s.io/external-dns/provider/alibabacloud/alibaba_cloud.go:971.36,973.3 1 1
sigs.k8s.io/external-dns/provider/alibabacloud/alibaba_cloud.go:981.111,989.14 8 1
sigs.k8s.io/external-dns/provider/alibabacloud/alibaba_cloud.go:992.2,993.16 2 1
sigs.k8s.io/external-dns/provider/alibabacloud/alibaba_cloud.go:998.2,998.12 1 1
sigs.k8s.io/external-dns/provider/alibabacloud/alibaba_cloud.go:989.14,991.3 1 1
sigs.k8s.io/external-dns/provider/alibabacloud/alibaba_cloud.go:993.16,995.3 1 1
sigs.k8s.io/external-dns/provider/alibabacloud/alibaba_cloud.go:995.8,997.3 1 0
sigs.k8s.io/external-dns/provider/alibabacloud/alibaba_cloud.go:1001.104,1003.53 2 1
sigs.k8s.io/external-dns/provider/alibabacloud/alibaba_cloud.go:1007.2,1008.53 2 1
sigs.k8s.io/external-dns/provider/alibabacloud/alibaba_cloud.go:1012.2,1012.21 1 1
sigs.k8s.io/external-dns/provider/alibabacloud/alibaba_cloud.go:1003.53,1005.3 1 0
sigs.k8s.io/external-dns/provider/alibabacloud/alibaba_cloud.go:1008.53,1010.3 1 0
sigs.k8s.io/external-dns/provider/alibabacloud/alibaba_cloud.go:1015.133,1016.37 1 1
sigs.k8s.io/external-dns/provider/alibabacloud/alibaba_cloud.go:1070.2,1070.12 1 1
sigs.k8s.io/external-dns/provider/alibabacloud/alibaba_cloud.go:1016.37,1019.18 3 1
sigs.k8s.io/external-dns/provider/alibabacloud/alibaba_cloud.go:1025.3,1025.39 1 1
sigs.k8s.io/external-dns/provider/alibabacloud/alibaba_cloud.go:1050.3,1050.43 1 1
sigs.k8s.io/external-dns/provider/alibabacloud/alibaba_cloud.go:1019.18,1022.12 3 0
sigs.k8s.io/external-dns/provider/alibabacloud/alibaba_cloud.go:1025.39,1026.61 1 2
sigs.k8s.io/external-dns/provider/alibabacloud/alibaba_cloud.go:1029.4,1030.28 2 1
sigs.k8s.io/external-dns/provider/alibabacloud/alibaba_cloud.go:1033.4,1034.44 2 1
sigs.k8s.io/external-dns/provider/alibabacloud/alibaba_cloud.go:1041.4,1041.13 1 1
sigs.k8s.io/external-dns/provider/alibabacloud/alibaba_cloud.go:1026.61,1027.13 1 1
sigs.k8s.io/external-dns/provider/alibabacloud/alibaba_cloud.go:1030.28,1032.5 1 0
sigs.k8s.io/external-dns/provider/alibabacloud/alibaba_cloud.go:1034.44,1036.24 1 1
sigs.k8s.io/external-dns/provider/alibabacloud/alibaba_cloud.go:1036.24,1038.11 2 1
sigs.k8s.io/external-dns/provider/alibabacloud/alibaba_cloud.go:1041.13,1042.47 1 1
sigs.k8s.io/external-dns/provider/alibabacloud/alibaba_cloud.go:1042.47,1045.6 1 1
sigs.k8s.io/external-dns/provider/alibabacloud/alibaba_cloud.go:1046.10,1048.5 1 0
sigs.k8s.io/external-dns/provider/alibabacloud/alibaba_cloud.go:1050.43,1051.36 1 2
sigs.k8s.io/external-dns/provider/alibabacloud/alibaba_cloud.go:1054.4,1055.40 2 2
sigs.k8s.io/external-dns/provider/alibabacloud/alibaba_cloud.go:1065.4,1065.14 1 2
sigs.k8s.io/external-dns/provider/alibabacloud/alibaba_cloud.go:1051.36,1053.5 1 0
sigs.k8s.io/external-dns/provider/alibabacloud/alibaba_cloud.go:1055.40,1056.62 1 3
sigs.k8s.io/external-dns/provider/alibabacloud/alibaba_cloud.go:1060.5,1060.31 1 2
sigs.k8s.io/external-dns/provider/alibabacloud/alibaba_cloud.go:1056.62,1057.14 1 1
sigs.k8s.io/external-dns/provider/alibabacloud/alibaba_cloud.go:1060.31,1062.11 2 1
sigs.k8s.io/external-dns/provider/alibabacloud/alibaba_cloud.go:1065.14,1067.5 1 1
sigs.k8s.io/external-dns/provider/zone_type_filter.go:35.56,37.2 1 10
sigs.k8s.io/external-dns/provider/zone_type_filter.go:40.62,42.22 1 10
sigs.k8s.io/external-dns/provider/zone_type_filter.go:48.2,48.24 1 7
sigs.k8s.io/external-dns/provider/zone_type_filter.go:53.2,53.20 1 5
sigs.k8s.io/external-dns/provider/zone_type_filter.go:61.2,61.14 1 1
sigs.k8s.io/external-dns/provider/zone_type_filter.go:42.22,44.3 1 3
sigs.k8s.io/external-dns/provider/zone_type_filter.go:48.24,50.3 1 2
sigs.k8s.io/external-dns/provider/zone_type_filter.go:54.22,55.49 1 2
sigs.k8s.io/external-dns/provider/zone_type_filter.go:56.23,57.48 1 2
sigs.k8s.io/external-dns/provider/zonefinder.go:23.50,25.2 1 3
sigs.k8s.io/external-dns/provider/zonefinder.go:27.89,28.34 1 6
sigs.k8s.io/external-dns/provider/zonefinder.go:36.2,36.8 1 6
sigs.k8s.io/external-dns/provider/zonefinder.go:28.34,29.72 1 12
sigs.k8s.io/external-dns/provider/zonefinder.go:29.72,30.71 1 6
sigs.k8s.io/external-dns/provider/zonefinder.go:30.71,33.5 2 5
sigs.k8s.io/external-dns/provider/provider.go:38.80,40.2 1 5
sigs.k8s.io/external-dns/provider/provider.go:46.38,46.83 1 0
sigs.k8s.io/external-dns/provider/provider.go:54.48,55.34 1 3
sigs.k8s.io/external-dns/provider/provider.go:59.2,59.48 1 2
sigs.k8s.io/external-dns/provider/provider.go:55.34,57.3 1 1
sigs.k8s.io/external-dns/provider/provider.go:64.75,67.28 3 1
sigs.k8s.io/external-dns/provider/provider.go:70.2,70.28 1 1
sigs.k8s.io/external-dns/provider/provider.go:79.2,79.23 1 1
sigs.k8s.io/external-dns/provider/provider.go:82.2,82.27 1 1
sigs.k8s.io/external-dns/provider/provider.go:67.28,69.3 1 2
sigs.k8s.io/external-dns/provider/provider.go:70.28,71.34 1 2
sigs.k8s.io/external-dns/provider/provider.go:71.34,74.4 2 1
sigs.k8s.io/external-dns/provider/provider.go:74.9,77.4 2 1
sigs.k8s.io/external-dns/provider/provider.go:79.23,81.3 1 1
sigs.k8s.io/external-dns/provider/recordfilter.go:21.50,22.20 1 4
sigs.k8s.io/external-dns/provider/recordfilter.go:23.34,24.14 1 3
sigs.k8s.io/external-dns/provider/recordfilter.go:25.10,26.15 1 1
sigs.k8s.io/external-dns/provider/zone_id_filter.go:27.53,29.2 1 8
sigs.k8s.io/external-dns/provider/zone_id_filter.go:32.49,34.25 1 8
sigs.k8s.io/external-dns/provider/zone_id_filter.go:38.2,38.31 1 7
sigs.k8s.io/external-dns/provider/zone_id_filter.go:44.2,44.14 1 3
sigs.k8s.io/external-dns/provider/zone_id_filter.go:34.25,36.3 1 1
sigs.k8s.io/external-dns/provider/zone_id_filter.go:38.31,39.36 1 9
sigs.k8s.io/external-dns/provider/zone_id_filter.go:39.36,41.4 1 4
sigs.k8s.io/external-dns/provider/zone_tag_filter.go:29.52,30.41 1 8
sigs.k8s.io/external-dns/provider/zone_tag_filter.go:33.2,33.38 1 8
sigs.k8s.io/external-dns/provider/zone_tag_filter.go:30.41,32.3 1 0
sigs.k8s.io/external-dns/provider/zone_tag_filter.go:37.62,38.39 1 8
sigs.k8s.io/external-dns/provider/zone_tag_filter.go:51.2,51.13 1 4
sigs.k8s.io/external-dns/provider/zone_tag_filter.go:38.39,40.27 2 10
sigs.k8s.io/external-dns/provider/zone_tag_filter.go:41.10,42.53 1 2
sigs.k8s.io/external-dns/provider/zone_tag_filter.go:45.10,46.84 1 8
sigs.k8s.io/external-dns/provider/zone_tag_filter.go:42.53,44.5 1 1
sigs.k8s.io/external-dns/provider/zone_tag_filter.go:46.84,48.5 1 3
sigs.k8s.io/external-dns/provider/zone_tag_filter.go:55.39,57.2 1 0
sigs.k8s.io/external-dns/endpoint/domain_filter.go:32.48,34.33 2 76
sigs.k8s.io/external-dns/endpoint/domain_filter.go:37.2,37.11 1 76
sigs.k8s.io/external-dns/endpoint/domain_filter.go:34.33,36.3 1 97
sigs.k8s.io/external-dns/endpoint/domain_filter.go:41.98,43.2 1 36
sigs.k8s.io/external-dns/endpoint/domain_filter.go:46.59,48.2 1 0
sigs.k8s.io/external-dns/endpoint/domain_filter.go:51.50,53.2 1 176
sigs.k8s.io/external-dns/endpoint/domain_filter.go:58.71,59.23 1 335
sigs.k8s.io/external-dns/endpoint/domain_filter.go:63.2,63.33 1 157
sigs.k8s.io/external-dns/endpoint/domain_filter.go:78.2,78.14 1 35
sigs.k8s.io/external-dns/endpoint/domain_filter.go:59.23,61.3 1 178
sigs.k8s.io/external-dns/endpoint/domain_filter.go:63.33,66.19 2 175
sigs.k8s.io/external-dns/endpoint/domain_filter.go:66.19,68.4 1 42
sigs.k8s.io/external-dns/endpoint/domain_filter.go:68.9,68.89 1 133
sigs.k8s.io/external-dns/endpoint/domain_filter.go:68.89,70.4 1 11
sigs.k8s.io/external-dns/endpoint/domain_filter.go:70.9,70.78 1 122
sigs.k8s.io/external-dns/endpoint/domain_filter.go:70.78,71.32 1 64
sigs.k8s.io/external-dns/endpoint/domain_filter.go:71.32,73.5 1 28
sigs.k8s.io/external-dns/endpoint/domain_filter.go:74.9,74.59 1 58
sigs.k8s.io/external-dns/endpoint/domain_filter.go:74.59,76.4 1 41
sigs.k8s.io/external-dns/endpoint/domain_filter.go:82.44,83.26 1 6
sigs.k8s.io/external-dns/endpoint/domain_filter.go:86.2,86.28 1 1
sigs.k8s.io/external-dns/endpoint/domain_filter.go:83.26,85.3 1 5
sigs.k8s.io/external-dns/endpoint/endpoint.go:42.36,44.2 1 0
sigs.k8s.io/external-dns/endpoint/endpoint.go:50.43,54.2 3 0
sigs.k8s.io/external-dns/endpoint/endpoint.go:56.34,58.2 1 0
sigs.k8s.io/external-dns/endpoint/endpoint.go:60.28,62.2 1 10
sigs.k8s.io/external-dns/endpoint/endpoint.go:64.38,66.2 1 4
sigs.k8s.io/external-dns/endpoint/endpoint.go:68.33,70.2 1 2
sigs.k8s.io/external-dns/endpoint/endpoint.go:73.39,74.22 1 7
sigs.k8s.io/external-dns/endpoint/endpoint.go:77.2,80.22 3 5
sigs.k8s.io/external-dns/endpoint/endpoint.go:85.2,85.13 1 3
sigs.k8s.io/external-dns/endpoint/endpoint.go:74.22,76.3 1 2
sigs.k8s.io/external-dns/endpoint/endpoint.go:80.22,81.16 1 6
sigs.k8s.io/external-dns/endpoint/endpoint.go:81.16,83.4 1 2
sigs.k8s.io/external-dns/endpoint/endpoint.go:93.41,94.21 1 0
sigs.k8s.io/external-dns/endpoint/endpoint.go:97.2,97.21 1 0
sigs.k8s.io/external-dns/endpoint/endpoint.go:101.2,104.22 3 0
sigs.k8s.io/external-dns/endpoint/endpoint.go:109.2,109.14 1 0
sigs.k8s.io/external-dns/endpoint/endpoint.go:94.21,96.3 1 0
sigs.k8s.io/external-dns/endpoint/endpoint.go:97.21,99.3 1 0
sigs.k8s.io/external-dns/endpoint/endpoint.go:104.22,105.16 1 0
sigs.k8s.io/external-dns/endpoint/endpoint.go:105.16,107.4 1 0
sigs.k8s.io/external-dns/endpoint/endpoint.go:142.75,144.2 1 2
sigs.k8s.io/external-dns/endpoint/endpoint.go:147.91,149.35 2 2
sigs.k8s.io/external-dns/endpoint/endpoint.go:153.2,159.3 1 2
sigs.k8s.io/external-dns/endpoint/endpoint.go:149.35,151.3 1 2
sigs.k8s.io/external-dns/endpoint/endpoint.go:163.70,166.2 2 0
sigs.k8s.io/external-dns/endpoint/endpoint.go:173.70,174.31 1 0
sigs.k8s.io/external-dns/endpoint/endpoint.go:178.2,179.10 2 0
sigs.k8s.io/external-dns/endpoint/endpoint.go:174.31,176.3 1 0
sigs.k8s.io/external-dns/endpoint/endpoint.go:183.93,184.54 1 0
sigs.k8s.io/external-dns/endpoint/endpoint.go:189.2,189.42 1 0
sigs.k8s.io/external-dns/endpoint/endpoint.go:184.54,185.35 1 0
sigs.k8s.io/external-dns/endpoint/endpoint.go:185.35,187.4 1 0
sigs.k8s.io/external-dns/endpoint/endpoint.go:192.36,194.2 1 0
sigs.k8s.io/external-dns/endpoint/labels.go:51.25,53.2 1 2
sigs.k8s.io/external-dns/endpoint/labels.go:58.60,63.31 5 6
sigs.k8s.io/external-dns/endpoint/labels.go:81.2,81.31 1 4
sigs.k8s.io/external-dns/endpoint/labels.go:85.2,85.28 1 3
sigs.k8s.io/external-dns/endpoint/labels.go:63.31,64.42 1 18
sigs.k8s.io/external-dns/endpoint/labels.go:67.3,69.43 3 14
sigs.k8s.io/external-dns/endpoint/labels.go:72.3,72.24 1 12
sigs.k8s.io/external-dns/endpoint/labels.go:76.3,76.39 1 9
sigs.k8s.io/external-dns/endpoint/labels.go:64.42,65.12 1 4
sigs.k8s.io/external-dns/endpoint/labels.go:69.43,71.4 1 2
sigs.k8s.io/external-dns/endpoint/labels.go:72.24,74.12 2 3
sigs.k8s.io/external-dns/endpoint/labels.go:76.39,78.4 1 8
sigs.k8s.io/external-dns/endpoint/labels.go:81.31,83.3 1 1
sigs.k8s.io/external-dns/endpoint/labels.go:90.51,94.21 4 2
sigs.k8s.io/external-dns/endpoint/labels.go:97.2,99.27 2 2
sigs.k8s.io/external-dns/endpoint/labels.go:102.2,102.16 1 2
sigs.k8s.io/external-dns/endpoint/labels.go:105.2,105.34 1 1
sigs.k8s.io/external-dns/endpoint/labels.go:94.21,96.3 1 4
sigs.k8s.io/external-dns/endpoint/labels.go:99.27,101.3 1 4
sigs.k8s.io/external-dns/endpoint/labels.go:102.16,104.3 1 1
sigs.k8s.io/external-dns/endpoint/zz_generated.deepcopy.go:28.55,35.2 6 0
sigs.k8s.io/external-dns/endpoint/zz_generated.deepcopy.go:38.48,39.15 1 0
sigs.k8s.io/external-dns/endpoint/zz_generated.deepcopy.go:42.2,44.12 3 0
sigs.k8s.io/external-dns/endpoint/zz_generated.deepcopy.go:39.15,41.3 1 0
sigs.k8s.io/external-dns/endpoint/zz_generated.deepcopy.go:48.56,49.34 1 0
sigs.k8s.io/external-dns/endpoint/zz_generated.deepcopy.go:52.2,52.12 1 0
sigs.k8s.io/external-dns/endpoint/zz_generated.deepcopy.go:49.34,51.3 1 0
sigs.k8s.io/external-dns/endpoint/zz_generated.deepcopy.go:56.63,60.21 4 0
sigs.k8s.io/external-dns/endpoint/zz_generated.deepcopy.go:67.2,67.8 1 0
sigs.k8s.io/external-dns/endpoint/zz_generated.deepcopy.go:60.21,63.22 3 0
sigs.k8s.io/external-dns/endpoint/zz_generated.deepcopy.go:63.22,65.4 1 0
sigs.k8s.io/external-dns/endpoint/zz_generated.deepcopy.go:71.56,72.15 1 0
sigs.k8s.io/external-dns/endpoint/zz_generated.deepcopy.go:75.2,77.12 3 0
sigs.k8s.io/external-dns/endpoint/zz_generated.deepcopy.go:72.15,74.3 1 0
sigs.k8s.io/external-dns/endpoint/zz_generated.deepcopy.go:81.60,82.34 1 0
sigs.k8s.io/external-dns/endpoint/zz_generated.deepcopy.go:85.2,85.12 1 0
sigs.k8s.io/external-dns/endpoint/zz_generated.deepcopy.go:82.34,84.3 1 0
sigs.k8s.io/external-dns/endpoint/zz_generated.deepcopy.go:89.63,91.25 2 0
sigs.k8s.io/external-dns/endpoint/zz_generated.deepcopy.go:103.2,103.8 1 0
sigs.k8s.io/external-dns/endpoint/zz_generated.deepcopy.go:91.25,94.22 3 0
sigs.k8s.io/external-dns/endpoint/zz_generated.deepcopy.go:94.22,95.23 1 0
sigs.k8s.io/external-dns/endpoint/zz_generated.deepcopy.go:95.23,97.5 1 0
sigs.k8s.io/external-dns/endpoint/zz_generated.deepcopy.go:97.10,100.5 2 0
sigs.k8s.io/external-dns/endpoint/zz_generated.deepcopy.go:107.56,108.15 1 0
sigs.k8s.io/external-dns/endpoint/zz_generated.deepcopy.go:111.2,113.12 3 0
sigs.k8s.io/external-dns/endpoint/zz_generated.deepcopy.go:108.15,110.3 1 0
sigs.k8s.io/external-dns/endpoint/zz_generated.deepcopy.go:117.67,120.2 2 0
sigs.k8s.io/external-dns/endpoint/zz_generated.deepcopy.go:123.60,124.15 1 0
sigs.k8s.io/external-dns/endpoint/zz_generated.deepcopy.go:127.2,129.12 3 0
sigs.k8s.io/external-dns/endpoint/zz_generated.deepcopy.go:124.15,126.3 1 0
sigs.k8s.io/external-dns/endpoint/zz_generated.deepcopy.go:133.49,135.23 2 0
sigs.k8s.io/external-dns/endpoint/zz_generated.deepcopy.go:140.2,140.22 1 0
sigs.k8s.io/external-dns/endpoint/zz_generated.deepcopy.go:147.2,147.32 1 0
sigs.k8s.io/external-dns/endpoint/zz_generated.deepcopy.go:154.2,154.8 1 0
sigs.k8s.io/external-dns/endpoint/zz_generated.deepcopy.go:135.23,139.3 3 0
sigs.k8s.io/external-dns/endpoint/zz_generated.deepcopy.go:140.22,143.29 3 0
sigs.k8s.io/external-dns/endpoint/zz_generated.deepcopy.go:143.29,145.4 1 0
sigs.k8s.io/external-dns/endpoint/zz_generated.deepcopy.go:147.32,150.29 3 0
sigs.k8s.io/external-dns/endpoint/zz_generated.deepcopy.go:150.29,152.4 1 0
sigs.k8s.io/external-dns/endpoint/zz_generated.deepcopy.go:158.42,159.15 1 0
sigs.k8s.io/external-dns/endpoint/zz_generated.deepcopy.go:162.2,164.12 3 0
sigs.k8s.io/external-dns/endpoint/zz_generated.deepcopy.go:159.15,161.3 1 0
sigs.k8s.io/external-dns/endpoint/zz_generated.deepcopy.go:168.44,169.2 1 0
sigs.k8s.io/external-dns/endpoint/zz_generated.deepcopy.go:169.2,172.29 3 0
sigs.k8s.io/external-dns/endpoint/zz_generated.deepcopy.go:175.3,175.9 1 0
sigs.k8s.io/external-dns/endpoint/zz_generated.deepcopy.go:172.29,174.4 1 0
sigs.k8s.io/external-dns/endpoint/zz_generated.deepcopy.go:180.36,181.15 1 0
sigs.k8s.io/external-dns/endpoint/zz_generated.deepcopy.go:184.2,186.13 3 0
sigs.k8s.io/external-dns/endpoint/zz_generated.deepcopy.go:181.15,183.3 1 0
sigs.k8s.io/external-dns/endpoint/zz_generated.deepcopy.go:190.64,191.2 1 0
sigs.k8s.io/external-dns/endpoint/zz_generated.deepcopy.go:191.2,194.29 3 0
sigs.k8s.io/external-dns/endpoint/zz_generated.deepcopy.go:197.3,197.9 1 0
sigs.k8s.io/external-dns/endpoint/zz_generated.deepcopy.go:194.29,196.4 1 0
sigs.k8s.io/external-dns/endpoint/zz_generated.deepcopy.go:202.56,203.15 1 0
sigs.k8s.io/external-dns/endpoint/zz_generated.deepcopy.go:206.2,208.13 3 0
sigs.k8s.io/external-dns/endpoint/zz_generated.deepcopy.go:203.15,205.3 1 0
sigs.k8s.io/external-dns/endpoint/zz_generated.deepcopy.go:212.46,213.2 1 0
sigs.k8s.io/external-dns/endpoint/zz_generated.deepcopy.go:213.2,218.3 4 0
sigs.k8s.io/external-dns/endpoint/zz_generated.deepcopy.go:222.38,223.15 1 0
sigs.k8s.io/external-dns/endpoint/zz_generated.deepcopy.go:226.2,228.13 3 0
sigs.k8s.io/external-dns/endpoint/zz_generated.deepcopy.go:223.15,225.3 1 0
sigs.k8s.io/external-dns/plan/plan.go:78.31,80.2 1 19
sigs.k8s.io/external-dns/plan/plan.go:90.39,92.2 1 0
sigs.k8s.io/external-dns/plan/plan.go:94.53,96.35 2 22
sigs.k8s.io/external-dns/plan/plan.go:99.2,99.52 1 22
sigs.k8s.io/external-dns/plan/plan.go:102.2,102.46 1 22
sigs.k8s.io/external-dns/plan/plan.go:96.35,98.3 1 21
sigs.k8s.io/external-dns/plan/plan.go:99.52,101.3 1 21
sigs.k8s.io/external-dns/plan/plan.go:105.55,107.35 2 34
sigs.k8s.io/external-dns/plan/plan.go:110.2,110.52 1 34
sigs.k8s.io/external-dns/plan/plan.go:113.2,113.102 1 34
sigs.k8s.io/external-dns/plan/plan.go:107.35,109.3 1 9
sigs.k8s.io/external-dns/plan/plan.go:110.52,112.3 1 11
sigs.k8s.io/external-dns/plan/plan.go:119.34,122.74 2 19
sigs.k8s.io/external-dns/plan/plan.go:125.2,125.74 1 19
sigs.k8s.io/external-dns/plan/plan.go:129.2,131.32 2 19
sigs.k8s.io/external-dns/plan/plan.go:153.2,153.33 1 19
sigs.k8s.io/external-dns/plan/plan.go:157.2,163.13 2 19
sigs.k8s.io/external-dns/plan/plan.go:122.74,124.3 1 22
sigs.k8s.io/external-dns/plan/plan.go:125.74,127.3 1 34
sigs.k8s.io/external-dns/plan/plan.go:131.32,132.30 1 30
sigs.k8s.io/external-dns/plan/plan.go:132.30,133.26 1 32
sigs.k8s.io/external-dns/plan/plan.go:136.4,136.54 1 32
sigs.k8s.io/external-dns/plan/plan.go:141.4,141.53 1 32
sigs.k8s.io/external-dns/plan/plan.go:133.26,135.5 1 11
sigs.k8s.io/external-dns/plan/plan.go:136.54,138.5 1 5
sigs.k8s.io/external-dns/plan/plan.go:141.53,144.138 2 16
sigs.k8s.io/external-dns/plan/plan.go:149.5,149.13 1 16
sigs.k8s.io/external-dns/plan/plan.go:144.138,148.6 3 7
sigs.k8s.io/external-dns/plan/plan.go:153.33,155.3 1 19
sigs.k8s.io/external-dns/plan/plan.go:166.48,167.22 1 7
sigs.k8s.io/external-dns/plan/plan.go:170.2,170.24 1 7
sigs.k8s.io/external-dns/plan/plan.go:173.2,173.73 1 7
sigs.k8s.io/external-dns/plan/plan.go:167.22,169.3 1 1
sigs.k8s.io/external-dns/plan/plan.go:170.24,172.3 1 2
sigs.k8s.io/external-dns/plan/plan.go:176.62,178.2 1 15
sigs.k8s.io/external-dns/plan/plan.go:180.64,181.39 1 16
sigs.k8s.io/external-dns/plan/plan.go:184.2,184.47 1 1
sigs.k8s.io/external-dns/plan/plan.go:181.39,183.3 1 15
sigs.k8s.io/external-dns/plan/plan.go:187.87,190.37 2 10
sigs.k8s.io/external-dns/plan/plan.go:195.2,195.37 1 10
sigs.k8s.io/external-dns/plan/plan.go:223.2,223.14 1 9
sigs.k8s.io/external-dns/plan/plan.go:190.37,191.46 1 3
sigs.k8s.io/external-dns/plan/plan.go:191.46,193.4 1 1
sigs.k8s.io/external-dns/plan/plan.go:195.37,196.46 1 3
sigs.k8s.io/external-dns/plan/plan.go:196.46,199.46 1 3
sigs.k8s.io/external-dns/plan/plan.go:203.4,203.46 1 3
sigs.k8s.io/external-dns/plan/plan.go:199.46,200.13 1 0
sigs.k8s.io/external-dns/plan/plan.go:203.46,204.36 1 1
sigs.k8s.io/external-dns/plan/plan.go:204.36,205.57 1 0
sigs.k8s.io/external-dns/plan/plan.go:205.57,207.7 1 0
sigs.k8s.io/external-dns/plan/plan.go:208.11,208.34 1 1
sigs.k8s.io/external-dns/plan/plan.go:208.34,210.6 1 1
sigs.k8s.io/external-dns/plan/plan.go:211.10,212.36 1 2
sigs.k8s.io/external-dns/plan/plan.go:212.36,213.52 1 2
sigs.k8s.io/external-dns/plan/plan.go:213.52,215.7 1 0
sigs.k8s.io/external-dns/plan/plan.go:216.11,216.29 1 0
sigs.k8s.io/external-dns/plan/plan.go:216.29,218.6 1 0
sigs.k8s.io/external-dns/plan/plan.go:233.114,236.33 2 38
sigs.k8s.io/external-dns/plan/plan.go:252.2,252.17 1 38
sigs.k8s.io/external-dns/plan/plan.go:236.33,238.42 1 61
sigs.k8s.io/external-dns/plan/plan.go:244.3,244.28 1 57
sigs.k8s.io/external-dns/plan/plan.go:238.42,239.12 1 4
sigs.k8s.io/external-dns/plan/plan.go:245.55,246.39 1 56
sigs.k8s.io/external-dns/plan/plan.go:247.11,248.12 1 1
sigs.k8s.io/external-dns/plan/plan.go:257.46,259.32 2 67
sigs.k8s.io/external-dns/plan/plan.go:262.2,262.10 1 67
sigs.k8s.io/external-dns/plan/plan.go:259.32,261.3 1 65
sigs.k8s.io/external-dns/plan/plan.go:268.77,273.20 3 2
sigs.k8s.io/external-dns/plan/plan.go:280.2,280.19 1 2
sigs.k8s.io/external-dns/plan/plan.go:287.2,287.17 1 2
sigs.k8s.io/external-dns/plan/plan.go:273.20,275.17 2 0
sigs.k8s.io/external-dns/plan/plan.go:275.17,277.4 1 0
sigs.k8s.io/external-dns/plan/plan.go:280.19,282.17 2 2
sigs.k8s.io/external-dns/plan/plan.go:282.17,284.4 1 0
sigs.k8s.io/external-dns/plan/policy.go:35.55,37.2 1 19
sigs.k8s.io/external-dns/plan/policy.go:43.61,49.2 1 2
sigs.k8s.io/external-dns/plan/policy.go:55.61,59.2 1 1
sigs.k8s.io/external-dns/plan/conflict.go:37.88,39.32 2 19
sigs.k8s.io/external-dns/plan/conflict.go:44.2,44.12 1 19
sigs.k8s.io/external-dns/plan/conflict.go:39.32,40.36 1 27
sigs.k8s.io/external-dns/plan/conflict.go:40.36,42.4 1 20
sigs.k8s.io/external-dns/plan/conflict.go:50.116,54.51 2 22
sigs.k8s.io/external-dns/plan/conflict.go:57.2,57.32 1 22
sigs.k8s.io/external-dns/plan/conflict.go:62.2,62.36 1 5
sigs.k8s.io/external-dns/plan/conflict.go:54.51,56.3 1 14
sigs.k8s.io/external-dns/plan/conflict.go:57.32,58.62 1 28
sigs.k8s.io/external-dns/plan/conflict.go:58.62,60.4 1 17
sigs.k8s.io/external-dns/plan/conflict.go:66.57,68.2 1 22
sigs.k8s.io/external-dns/provider/akamai/akamai.go:44.121,46.2 1 0
sigs.k8s.io/external-dns/provider/akamai/akamai.go:48.96,50.2 1 0
sigs.k8s.io/external-dns/provider/akamai/akamai.go:94.67,115.2 3 15
sigs.k8s.io/external-dns/provider/akamai/akamai.go:117.95,119.16 2 33
sigs.k8s.io/external-dns/provider/akamai/akamai.go:123.2,125.16 2 33
sigs.k8s.io/external-dns/provider/akamai/akamai.go:129.2,129.24 1 33
sigs.k8s.io/external-dns/provider/akamai/akamai.go:133.2,133.18 1 32
sigs.k8s.io/external-dns/provider/akamai/akamai.go:119.16,122.3 2 0
sigs.k8s.io/external-dns/provider/akamai/akamai.go:125.16,128.3 2 0
sigs.k8s.io/external-dns/provider/akamai/akamai.go:129.24,131.3 1 1
sigs.k8s.io/external-dns/provider/akamai/akamai.go:137.70,140.16 3 6
sigs.k8s.io/external-dns/provider/akamai/akamai.go:145.2,146.16 2 6
sigs.k8s.io/external-dns/provider/akamai/akamai.go:150.2,153.35 3 6
sigs.k8s.io/external-dns/provider/akamai/akamai.go:161.2,162.27 2 6
sigs.k8s.io/external-dns/provider/akamai/akamai.go:168.2,168.27 1 6
sigs.k8s.io/external-dns/provider/akamai/akamai.go:140.16,143.3 2 0
sigs.k8s.io/external-dns/provider/akamai/akamai.go:146.16,149.3 2 0
sigs.k8s.io/external-dns/provider/akamai/akamai.go:153.35,154.45 1 12
sigs.k8s.io/external-dns/provider/akamai/akamai.go:158.3,159.76 2 6
sigs.k8s.io/external-dns/provider/akamai/akamai.go:154.45,156.12 2 6
sigs.k8s.io/external-dns/provider/akamai/akamai.go:162.27,164.3 1 2
sigs.k8s.io/external-dns/provider/akamai/akamai.go:164.8,166.3 1 4
sigs.k8s.io/external-dns/provider/akamai/akamai.go:172.94,175.16 3 5
sigs.k8s.io/external-dns/provider/akamai/akamai.go:179.2,182.16 3 5
sigs.k8s.io/external-dns/provider/akamai/akamai.go:187.2,187.23 1 5
sigs.k8s.io/external-dns/provider/akamai/akamai.go:175.16,178.3 2 0
sigs.k8s.io/external-dns/provider/akamai/akamai.go:182.16,185.3 2 0
sigs.k8s.io/external-dns/provider/akamai/akamai.go:191.95,193.16 2 3
sigs.k8s.io/external-dns/provider/akamai/akamai.go:197.2,197.35 1 3
sigs.k8s.io/external-dns/provider/akamai/akamai.go:220.2,221.23 2 3
sigs.k8s.io/external-dns/provider/akamai/akamai.go:227.2,227.23 1 3
sigs.k8s.io/external-dns/provider/akamai/akamai.go:193.16,196.3 2 0
sigs.k8s.io/external-dns/provider/akamai/akamai.go:197.35,199.17 2 3
sigs.k8s.io/external-dns/provider/akamai/akamai.go:204.3,204.45 1 3
sigs.k8s.io/external-dns/provider/akamai/akamai.go:199.17,201.12 2 0
sigs.k8s.io/external-dns/provider/akamai/akamai.go:204.45,207.35 2 4
sigs.k8s.io/external-dns/provider/akamai/akamai.go:211.4,211.42 1 4
sigs.k8s.io/external-dns/provider/akamai/akamai.go:216.4,217.111 2 4
sigs.k8s.io/external-dns/provider/akamai/akamai.go:207.35,209.5 1 7
sigs.k8s.io/external-dns/provider/akamai/akamai.go:211.42,213.13 2 0
sigs.k8s.io/external-dns/provider/akamai/akamai.go:221.23,223.3 1 1
sigs.k8s.io/external-dns/provider/akamai/akamai.go:223.8,225.3 1 2
sigs.k8s.io/external-dns/provider/akamai/akamai.go:231.89,234.16 3 1
sigs.k8s.io/external-dns/provider/akamai/akamai.go:239.2,239.32 1 1
sigs.k8s.io/external-dns/provider/akamai/akamai.go:243.2,244.15 2 1
sigs.k8s.io/external-dns/provider/akamai/akamai.go:253.2,254.15 2 1
sigs.k8s.io/external-dns/provider/akamai/akamai.go:263.2,264.15 2 1
sigs.k8s.io/external-dns/provider/akamai/akamai.go:273.2,273.41 1 1
sigs.k8s.io/external-dns/provider/akamai/akamai.go:279.2,279.12 1 1
sigs.k8s.io/external-dns/provider/akamai/akamai.go:234.16,237.3 2 0
sigs.k8s.io/external-dns/provider/akamai/akamai.go:239.32,241.3 1 2
sigs.k8s.io/external-dns/provider/akamai/akamai.go:244.15,245.18 1 1
sigs.k8s.io/external-dns/provider/akamai/akamai.go:245.18,247.25 2 0
sigs.k8s.io/external-dns/provider/akamai/akamai.go:247.25,249.5 1 0
sigs.k8s.io/external-dns/provider/akamai/akamai.go:254.15,255.18 1 1
sigs.k8s.io/external-dns/provider/akamai/akamai.go:255.18,257.25 2 0
sigs.k8s.io/external-dns/provider/akamai/akamai.go:257.25,259.5 1 0
sigs.k8s.io/external-dns/provider/akamai/akamai.go:264.15,265.18 1 1
sigs.k8s.io/external-dns/provider/akamai/akamai.go:265.18,267.25 2 0
sigs.k8s.io/external-dns/provider/akamai/akamai.go:267.25,269.5 1 0
sigs.k8s.io/external-dns/provider/akamai/akamai.go:273.41,274.16 1 1
sigs.k8s.io/external-dns/provider/akamai/akamai.go:274.16,276.4 1 1
sigs.k8s.io/external-dns/provider/akamai/akamai.go:282.103,284.35 2 16
sigs.k8s.io/external-dns/provider/akamai/akamai.go:287.2,292.3 1 16
sigs.k8s.io/external-dns/provider/akamai/akamai.go:284.35,286.3 1 20
sigs.k8s.io/external-dns/provider/akamai/akamai.go:295.170,296.37 1 3
sigs.k8s.io/external-dns/provider/akamai/akamai.go:322.2,322.24 1 3
sigs.k8s.io/external-dns/provider/akamai/akamai.go:296.37,297.46 1 12
sigs.k8s.io/external-dns/provider/akamai/akamai.go:301.3,301.81 1 11
sigs.k8s.io/external-dns/provider/akamai/akamai.go:297.46,299.12 2 1
sigs.k8s.io/external-dns/provider/akamai/akamai.go:301.81,307.16 4 11
sigs.k8s.io/external-dns/provider/akamai/akamai.go:310.4,311.18 2 11
sigs.k8s.io/external-dns/provider/akamai/akamai.go:316.4,316.39 1 11
sigs.k8s.io/external-dns/provider/akamai/akamai.go:307.16,308.13 1 0
sigs.k8s.io/external-dns/provider/akamai/akamai.go:311.18,314.13 3 0
sigs.k8s.io/external-dns/provider/akamai/akamai.go:317.9,320.4 2 0
sigs.k8s.io/external-dns/provider/akamai/akamai.go:325.170,326.37 1 3
sigs.k8s.io/external-dns/provider/akamai/akamai.go:350.2,350.24 1 3
sigs.k8s.io/external-dns/provider/akamai/akamai.go:326.37,327.46 1 6
sigs.k8s.io/external-dns/provider/akamai/akamai.go:331.3,331.81 1 5
sigs.k8s.io/external-dns/provider/akamai/akamai.go:327.46,329.12 2 1
sigs.k8s.io/external-dns/provider/akamai/akamai.go:331.81,334.16 2 5
sigs.k8s.io/external-dns/provider/akamai/akamai.go:338.4,339.18 2 5
sigs.k8s.io/external-dns/provider/akamai/akamai.go:344.4,344.39 1 5
sigs.k8s.io/external-dns/provider/akamai/akamai.go:334.16,335.13 1 0
sigs.k8s.io/external-dns/provider/akamai/akamai.go:339.18,342.13 3 0
sigs.k8s.io/external-dns/provider/akamai/akamai.go:345.9,348.4 2 0
sigs.k8s.io/external-dns/provider/akamai/akamai.go:353.173,354.37 1 3
sigs.k8s.io/external-dns/provider/akamai/akamai.go:381.2,381.24 1 3
sigs.k8s.io/external-dns/provider/akamai/akamai.go:354.37,355.46 1 6
sigs.k8s.io/external-dns/provider/akamai/akamai.go:359.3,359.81 1 5
sigs.k8s.io/external-dns/provider/akamai/akamai.go:355.46,357.12 2 1
sigs.k8s.io/external-dns/provider/akamai/akamai.go:359.81,365.16 4 5
sigs.k8s.io/external-dns/provider/akamai/akamai.go:369.4,370.18 2 5
sigs.k8s.io/external-dns/provider/akamai/akamai.go:375.4,375.39 1 5
sigs.k8s.io/external-dns/provider/akamai/akamai.go:365.16,366.13 1 0
sigs.k8s.io/external-dns/provider/akamai/akamai.go:370.18,373.13 3 0
sigs.k8s.io/external-dns/provider/akamai/akamai.go:376.9,379.4 2 0
sigs.k8s.io/external-dns/controller/controller.go:91.13,99.2 7 1
sigs.k8s.io/external-dns/controller/controller.go:123.57,125.16 2 1
sigs.k8s.io/external-dns/controller/controller.go:130.2,135.16 4 1
sigs.k8s.io/external-dns/controller/controller.go:140.2,153.16 5 1
sigs.k8s.io/external-dns/controller/controller.go:159.2,160.12 2 1
sigs.k8s.io/external-dns/controller/controller.go:125.16,129.3 3 0
sigs.k8s.io/external-dns/controller/controller.go:135.16,139.3 3 0
sigs.k8s.io/external-dns/controller/controller.go:153.16,157.3 3 0
sigs.k8s.io/external-dns/controller/controller.go:167.53,171.2 3 2
sigs.k8s.io/external-dns/controller/controller.go:173.56,176.29 3 9
sigs.k8s.io/external-dns/controller/controller.go:179.2,180.13 2 3
sigs.k8s.io/external-dns/controller/controller.go:176.29,178.3 1 6
sigs.k8s.io/external-dns/controller/controller.go:184.47,187.6 3 0
sigs.k8s.io/external-dns/controller/controller.go:187.6,188.34 1 0
sigs.k8s.io/external-dns/controller/controller.go:193.3,193.10 1 0
sigs.k8s.io/external-dns/controller/controller.go:188.34,189.41 1 0
sigs.k8s.io/external-dns/controller/controller.go:189.41,191.5 1 0
sigs.k8s.io/external-dns/controller/controller.go:194.19,194.19 0 0
sigs.k8s.io/external-dns/controller/controller.go:195.21,197.10 2 0
sigs.k8s.io/external-dns/pkg/apis/externaldns/validation/validation.go:27.52,29.56 1 23
sigs.k8s.io/external-dns/pkg/apis/externaldns/validation/validation.go:32.2,32.27 1 20
sigs.k8s.io/external-dns/pkg/apis/externaldns/validation/validation.go:35.2,35.24 1 19
sigs.k8s.io/external-dns/pkg/apis/externaldns/validation/validation.go:40.2,40.29 1 18
sigs.k8s.io/external-dns/pkg/apis/externaldns/validation/validation.go:47.2,47.30 1 18
sigs.k8s.io/external-dns/pkg/apis/externaldns/validation/validation.go:63.2,63.32 1 18
sigs.k8s.io/external-dns/pkg/apis/externaldns/validation/validation.go:72.2,72.27 1 18
sigs.k8s.io/external-dns/pkg/apis/externaldns/validation/validation.go:85.2,85.31 1 14
sigs.k8s.io/external-dns/pkg/apis/externaldns/validation/validation.go:91.2,91.60 1 13
sigs.k8s.io/external-dns/pkg/apis/externaldns/validation/validation.go:95.2,95.54 1 13
sigs.k8s.io/external-dns/pkg/apis/externaldns/validation/validation.go:99.2,99.12 1 13
sigs.k8s.io/external-dns/pkg/apis/externaldns/validation/validation.go:29.56,31.3 1 3
sigs.k8s.io/external-dns/pkg/apis/externaldns/validation/validation.go:32.27,34.3 1 1
sigs.k8s.io/external-dns/pkg/apis/externaldns/validation/validation.go:35.24,37.3 1 1
sigs.k8s.io/external-dns/pkg/apis/externaldns/validation/validation.go:40.29,41.32 1 0
sigs.k8s.io/external-dns/pkg/apis/externaldns/validation/validation.go:41.32,43.4 1 0
sigs.k8s.io/external-dns/pkg/apis/externaldns/validation/validation.go:47.30,48.44 1 0
sigs.k8s.io/external-dns/pkg/apis/externaldns/validation/validation.go:51.3,51.34 1 0
sigs.k8s.io/external-dns/pkg/apis/externaldns/validation/validation.go:54.3,54.35 1 0
sigs.k8s.io/external-dns/pkg/apis/externaldns/validation/validation.go:57.3,57.34 1 0
sigs.k8s.io/external-dns/pkg/apis/externaldns/validation/validation.go:48.44,50.4 1 0
sigs.k8s.io/external-dns/pkg/apis/externaldns/validation/validation.go:51.34,53.4 1 0
sigs.k8s.io/external-dns/pkg/apis/externaldns/validation/validation.go:54.35,56.4 1 0
sigs.k8s.io/external-dns/pkg/apis/externaldns/validation/validation.go:57.34,59.4 1 0
sigs.k8s.io/external-dns/pkg/apis/externaldns/validation/validation.go:63.32,64.33 1 0
sigs.k8s.io/external-dns/pkg/apis/externaldns/validation/validation.go:67.3,67.37 1 0
sigs.k8s.io/external-dns/pkg/apis/externaldns/validation/validation.go:64.33,66.4 1 0
sigs.k8s.io/external-dns/pkg/apis/externaldns/validation/validation.go:67.37,69.4 1 0
sigs.k8s.io/external-dns/pkg/apis/externaldns/validation/validation.go:72.27,73.28 1 6
sigs.k8s.io/external-dns/pkg/apis/externaldns/validation/validation.go:76.3,76.32 1 4
sigs.k8s.io/external-dns/pkg/apis/externaldns/validation/validation.go:80.3,80.31 1 3
sigs.k8s.io/external-dns/pkg/apis/externaldns/validation/validation.go:73.28,75.4 1 2
sigs.k8s.io/external-dns/pkg/apis/externaldns/validation/validation.go:76.32,78.4 1 1
sigs.k8s.io/external-dns/pkg/apis/externaldns/validation/validation.go:80.31,82.4 1 1
sigs.k8s.io/external-dns/pkg/apis/externaldns/validation/validation.go:85.31,86.28 1 2
sigs.k8s.io/external-dns/pkg/apis/externaldns/validation/validation.go:86.28,88.4 1 1
sigs.k8s.io/external-dns/pkg/apis/externaldns/validation/validation.go:91.60,93.3 1 0
sigs.k8s.io/external-dns/pkg/apis/externaldns/validation/validation.go:95.54,97.3 1 0
sigs.k8s.io/external-dns/pkg/apis/externaldns/types.go:258.26,260.2 1 3
sigs.k8s.io/external-dns/pkg/apis/externaldns/types.go:262.36,267.36 3 1
sigs.k8s.io/external-dns/pkg/apis/externaldns/types.go:280.2,280.33 1 1
sigs.k8s.io/external-dns/pkg/apis/externaldns/types.go:267.36,269.60 2 110
sigs.k8s.io/external-dns/pkg/apis/externaldns/types.go:269.60,270.39 1 6
sigs.k8s.io/external-dns/pkg/apis/externaldns/types.go:273.4,274.24 2 6
sigs.k8s.io/external-dns/pkg/apis/externaldns/types.go:270.39,271.13 1 0
sigs.k8s.io/external-dns/pkg/apis/externaldns/types.go:274.24,276.5 1 4
sigs.k8s.io/external-dns/pkg/apis/externaldns/types.go:284.39,286.41 2 3
sigs.k8s.io/external-dns/pkg/apis/externaldns/types.go:289.2,289.15 1 3
sigs.k8s.io/external-dns/pkg/apis/externaldns/types.go:286.41,288.3 1 21
sigs.k8s.io/external-dns/pkg/apis/externaldns/types.go:293.52,438.16 115 3
sigs.k8s.io/external-dns/pkg/apis/externaldns/types.go:442.2,442.12 1 3
sigs.k8s.io/external-dns/pkg/apis/externaldns/types.go:438.16,440.3 1 0
sigs.k8s.io/external-dns/provider/azure/azure.go:84.248,86.16 2 0
sigs.k8s.io/external-dns/provider/azure/azure.go:89.2,91.16 3 0
sigs.k8s.io/external-dns/provider/azure/azure.go:96.2,96.25 1 0
sigs.k8s.io/external-dns/provider/azure/azure.go:100.2,100.40 1 0
sigs.k8s.io/external-dns/provider/azure/azure.go:104.2,105.21 2 0
sigs.k8s.io/external-dns/provider/azure/azure.go:114.2,115.16 2 0
sigs.k8s.io/external-dns/provider/azure/azure.go:119.2,134.22 6 0
sigs.k8s.io/external-dns/provider/azure/azure.go:86.16,88.3 1 0
sigs.k8s.io/external-dns/provider/azure/azure.go:91.16,93.3 1 0
sigs.k8s.io/external-dns/provider/azure/azure.go:96.25,98.3 1 0
sigs.k8s.io/external-dns/provider/azure/azure.go:100.40,102.3 1 0
sigs.k8s.io/external-dns/provider/azure/azure.go:105.21,107.3 1 0
sigs.k8s.io/external-dns/provider/azure/azure.go:107.8,109.17 2 0
sigs.k8s.io/external-dns/provider/azure/azure.go:109.17,111.4 1 0
sigs.k8s.io/external-dns/provider/azure/azure.go:115.16,117.3 1 0
sigs.k8s.io/external-dns/provider/azure/azure.go:138.101,148.47 1 3
sigs.k8s.io/external-dns/provider/azure/azure.go:163.2,163.37 1 2
sigs.k8s.io/external-dns/provider/azure/azure.go:187.2,187.65 1 1
sigs.k8s.io/external-dns/provider/azure/azure.go:148.47,151.17 3 1
sigs.k8s.io/external-dns/provider/azure/azure.go:155.3,156.17 2 1
sigs.k8s.io/external-dns/provider/azure/azure.go:159.3,159.20 1 1
sigs.k8s.io/external-dns/provider/azure/azure.go:151.17,153.4 1 0
sigs.k8s.io/external-dns/provider/azure/azure.go:156.17,158.4 1 0
sigs.k8s.io/external-dns/provider/azure/azure.go:163.37,166.17 3 1
sigs.k8s.io/external-dns/provider/azure/azure.go:170.3,170.39 1 1
sigs.k8s.io/external-dns/provider/azure/azure.go:179.3,181.17 3 0
sigs.k8s.io/external-dns/provider/azure/azure.go:184.3,184.20 1 0
sigs.k8s.io/external-dns/provider/azure/azure.go:166.17,168.4 1 0
sigs.k8s.io/external-dns/provider/azure/azure.go:170.39,173.18 3 1
sigs.k8s.io/external-dns/provider/azure/azure.go:176.4,176.21 1 1
sigs.k8s.io/external-dns/provider/azure/azure.go:173.18,175.5 1 0
sigs.k8s.io/external-dns/provider/azure/azure.go:181.17,183.4 1 0
sigs.k8s.io/external-dns/provider/azure/azure.go:193.96,195.16 2 3
sigs.k8s.io/external-dns/provider/azure/azure.go:199.2,199.29 1 3
sigs.k8s.io/external-dns/provider/azure/azure.go:239.2,239.23 1 3
sigs.k8s.io/external-dns/provider/azure/azure.go:195.16,197.3 1 0
sigs.k8s.io/external-dns/provider/azure/azure.go:199.29,200.79 1 3
sigs.k8s.io/external-dns/provider/azure/azure.go:235.3,235.17 1 3
sigs.k8s.io/external-dns/provider/azure/azure.go:200.79,201.54 1 22
sigs.k8s.io/external-dns/provider/azure/azure.go:205.4,206.49 2 22
sigs.k8s.io/external-dns/provider/azure/azure.go:209.4,211.72 2 16
sigs.k8s.io/external-dns/provider/azure/azure.go:215.4,216.25 2 13
sigs.k8s.io/external-dns/provider/azure/azure.go:220.4,221.28 2 13
sigs.k8s.io/external-dns/provider/azure/azure.go:225.4,233.15 4 13
sigs.k8s.io/external-dns/provider/azure/azure.go:201.54,204.5 2 0
sigs.k8s.io/external-dns/provider/azure/azure.go:206.49,208.5 1 6
sigs.k8s.io/external-dns/provider/azure/azure.go:211.72,214.5 2 3
sigs.k8s.io/external-dns/provider/azure/azure.go:216.25,219.5 2 0
sigs.k8s.io/external-dns/provider/azure/azure.go:221.28,223.5 1 13
sigs.k8s.io/external-dns/provider/azure/azure.go:235.17,237.4 1 0
sigs.k8s.io/external-dns/provider/azure/azure.go:245.88,247.16 2 4
sigs.k8s.io/external-dns/provider/azure/azure.go:251.2,254.12 4 4
sigs.k8s.io/external-dns/provider/azure/azure.go:247.16,249.3 1 0
sigs.k8s.io/external-dns/provider/azure/azure.go:257.72,263.16 4 7
sigs.k8s.io/external-dns/provider/azure/azure.go:267.2,267.30 1 7
sigs.k8s.io/external-dns/provider/azure/azure.go:283.2,284.19 2 7
sigs.k8s.io/external-dns/provider/azure/azure.go:263.16,265.3 1 0
sigs.k8s.io/external-dns/provider/azure/azure.go:267.30,270.93 2 10
sigs.k8s.io/external-dns/provider/azure/azure.go:277.3,278.17 2 10
sigs.k8s.io/external-dns/provider/azure/azure.go:270.93,272.4 1 8
sigs.k8s.io/external-dns/provider/azure/azure.go:272.9,272.105 1 2
sigs.k8s.io/external-dns/provider/azure/azure.go:272.105,275.4 1 2
sigs.k8s.io/external-dns/provider/azure/azure.go:278.17,280.4 1 0
sigs.k8s.io/external-dns/provider/azure/azure.go:287.119,291.16 3 3
sigs.k8s.io/external-dns/provider/azure/azure.go:295.2,295.35 1 3
sigs.k8s.io/external-dns/provider/azure/azure.go:306.2,306.12 1 3
sigs.k8s.io/external-dns/provider/azure/azure.go:291.16,293.3 1 0
sigs.k8s.io/external-dns/provider/azure/azure.go:295.35,296.44 1 22
sigs.k8s.io/external-dns/provider/azure/azure.go:300.3,301.17 2 22
sigs.k8s.io/external-dns/provider/azure/azure.go:296.44,298.4 1 0
sigs.k8s.io/external-dns/provider/azure/azure.go:301.17,303.4 1 0
sigs.k8s.io/external-dns/provider/azure/azure.go:311.110,316.26 5 4
sigs.k8s.io/external-dns/provider/azure/azure.go:321.2,321.73 1 4
sigs.k8s.io/external-dns/provider/azure/azure.go:334.2,334.40 1 4
sigs.k8s.io/external-dns/provider/azure/azure.go:338.2,338.43 1 4
sigs.k8s.io/external-dns/provider/azure/azure.go:342.2,342.40 1 4
sigs.k8s.io/external-dns/provider/azure/azure.go:346.2,346.43 1 4
sigs.k8s.io/external-dns/provider/azure/azure.go:349.2,349.25 1 4
sigs.k8s.io/external-dns/provider/azure/azure.go:316.26,317.20 1 7
sigs.k8s.io/external-dns/provider/azure/azure.go:317.20,319.4 1 7
sigs.k8s.io/external-dns/provider/azure/azure.go:321.73,323.17 2 76
sigs.k8s.io/external-dns/provider/azure/azure.go:331.3,331.52 1 57
sigs.k8s.io/external-dns/provider/azure/azure.go:323.17,324.45 1 19
sigs.k8s.io/external-dns/provider/azure/azure.go:328.4,328.10 1 19
sigs.k8s.io/external-dns/provider/azure/azure.go:324.45,327.5 2 14
sigs.k8s.io/external-dns/provider/azure/azure.go:334.40,336.3 1 12
sigs.k8s.io/external-dns/provider/azure/azure.go:338.43,340.3 1 12
sigs.k8s.io/external-dns/provider/azure/azure.go:342.40,344.3 1 40
sigs.k8s.io/external-dns/provider/azure/azure.go:346.43,348.3 1 12
sigs.k8s.io/external-dns/provider/azure/azure.go:352.84,354.39 1 4
sigs.k8s.io/external-dns/provider/azure/azure.go:354.39,355.38 1 4
sigs.k8s.io/external-dns/provider/azure/azure.go:355.38,357.47 2 18
sigs.k8s.io/external-dns/provider/azure/azure.go:361.4,361.16 1 16
sigs.k8s.io/external-dns/provider/azure/azure.go:357.47,359.13 2 2
sigs.k8s.io/external-dns/provider/azure/azure.go:361.16,363.5 1 8
sigs.k8s.io/external-dns/provider/azure/azure.go:363.10,365.131 2 8
sigs.k8s.io/external-dns/provider/azure/azure.go:365.131,373.6 1 0
sigs.k8s.io/external-dns/provider/azure/azure.go:379.84,380.39 1 4
sigs.k8s.io/external-dns/provider/azure/azure.go:380.39,381.38 1 7
sigs.k8s.io/external-dns/provider/azure/azure.go:381.38,383.47 2 39
sigs.k8s.io/external-dns/provider/azure/azure.go:387.4,387.16 1 34
sigs.k8s.io/external-dns/provider/azure/azure.go:398.4,407.18 3 14
sigs.k8s.io/external-dns/provider/azure/azure.go:419.4,419.18 1 14
sigs.k8s.io/external-dns/provider/azure/azure.go:383.47,385.13 2 5
sigs.k8s.io/external-dns/provider/azure/azure.go:387.16,395.13 2 20
sigs.k8s.io/external-dns/provider/azure/azure.go:407.18,418.5 1 14
sigs.k8s.io/external-dns/provider/azure/azure.go:419.18,428.5 1 0
sigs.k8s.io/external-dns/provider/azure/azure.go:433.95,440.16 4 57
sigs.k8s.io/external-dns/provider/azure/azure.go:443.2,443.13 1 43
sigs.k8s.io/external-dns/provider/azure/azure.go:440.16,442.3 1 14
sigs.k8s.io/external-dns/provider/azure/azure.go:446.90,448.39 2 14
sigs.k8s.io/external-dns/provider/azure/azure.go:451.2,451.45 1 14
sigs.k8s.io/external-dns/provider/azure/azure.go:488.2,488.89 1 0
sigs.k8s.io/external-dns/provider/azure/azure.go:448.39,450.3 1 4
sigs.k8s.io/external-dns/provider/azure/azure.go:452.13,454.43 2 6
sigs.k8s.io/external-dns/provider/azure/azure.go:459.3,464.9 1 6
sigs.k8s.io/external-dns/provider/azure/azure.go:465.17,473.9 1 3
sigs.k8s.io/external-dns/provider/azure/azure.go:474.15,486.9 1 5
sigs.k8s.io/external-dns/provider/azure/azure.go:454.43,458.4 1 8
sigs.k8s.io/external-dns/provider/azure/azure.go:492.61,493.23 1 66
sigs.k8s.io/external-dns/provider/azure/azure.go:496.2,496.51 1 44
sigs.k8s.io/external-dns/provider/azure/azure.go:493.23,495.3 1 22
sigs.k8s.io/external-dns/provider/azure/azure.go:500.61,502.23 2 27
sigs.k8s.io/external-dns/provider/azure/azure.go:507.2,508.80 2 27
sigs.k8s.io/external-dns/provider/azure/azure.go:517.2,518.52 2 15
sigs.k8s.io/external-dns/provider/azure/azure.go:523.2,524.80 2 10
sigs.k8s.io/external-dns/provider/azure/azure.go:530.2,530.19 1 0
sigs.k8s.io/external-dns/provider/azure/azure.go:502.23,504.3 1 0
sigs.k8s.io/external-dns/provider/azure/azure.go:508.80,510.37 2 12
sigs.k8s.io/external-dns/provider/azure/azure.go:513.3,513.17 1 12
sigs.k8s.io/external-dns/provider/azure/azure.go:510.37,512.4 1 16
sigs.k8s.io/external-dns/provider/azure/azure.go:518.52,520.3 1 5
sigs.k8s.io/external-dns/provider/azure/azure.go:524.80,526.40 2 10
sigs.k8s.io/external-dns/provider/azure/azure.go:526.40,528.4 1 10
sigs.k8s.io/external-dns/provider/azure/azure_private_dns.go:62.197,64.16 2 4
sigs.k8s.io/external-dns/provider/azure/azure_private_dns.go:68.2,69.16 2 4
sigs.k8s.io/external-dns/provider/azure/azure_private_dns.go:73.2,87.22 6 4
sigs.k8s.io/external-dns/provider/azure/azure_private_dns.go:64.16,66.3 1 0
sigs.k8s.io/external-dns/provider/azure/azure_private_dns.go:69.16,71.3 1 0
sigs.k8s.io/external-dns/provider/azure/azure_private_dns.go:93.106,95.16 2 2
sigs.k8s.io/external-dns/provider/azure/azure_private_dns.go:99.2,101.29 2 2
sigs.k8s.io/external-dns/provider/azure/azure_private_dns.go:142.2,144.23 2 2
sigs.k8s.io/external-dns/provider/azure/azure_private_dns.go:95.16,97.3 1 0
sigs.k8s.io/external-dns/provider/azure/azure_private_dns.go:101.29,102.81 1 2
sigs.k8s.io/external-dns/provider/azure/azure_private_dns.go:137.3,137.17 1 2
sigs.k8s.io/external-dns/provider/azure/azure_private_dns.go:102.81,104.29 2 14
sigs.k8s.io/external-dns/provider/azure/azure_private_dns.go:108.4,111.29 3 14
sigs.k8s.io/external-dns/provider/azure/azure_private_dns.go:115.4,118.25 3 14
sigs.k8s.io/external-dns/provider/azure/azure_private_dns.go:123.4,124.28 2 10
sigs.k8s.io/external-dns/provider/azure/azure_private_dns.go:128.4,135.37 3 10
sigs.k8s.io/external-dns/provider/azure/azure_private_dns.go:104.29,107.5 2 0
sigs.k8s.io/external-dns/provider/azure/azure_private_dns.go:111.29,114.5 2 0
sigs.k8s.io/external-dns/provider/azure/azure_private_dns.go:118.25,121.5 2 4
sigs.k8s.io/external-dns/provider/azure/azure_private_dns.go:124.28,126.5 1 10
sigs.k8s.io/external-dns/provider/azure/azure_private_dns.go:137.17,139.4 1 0
sigs.k8s.io/external-dns/provider/azure/azure_private_dns.go:150.98,154.16 3 1
sigs.k8s.io/external-dns/provider/azure/azure_private_dns.go:158.2,161.12 4 1
sigs.k8s.io/external-dns/provider/azure/azure_private_dns.go:154.16,156.3 1 0
sigs.k8s.io/external-dns/provider/azure/azure_private_dns.go:164.96,170.16 4 3
sigs.k8s.io/external-dns/provider/azure/azure_private_dns.go:174.2,174.18 1 3
sigs.k8s.io/external-dns/provider/azure/azure_private_dns.go:188.2,189.19 2 3
sigs.k8s.io/external-dns/provider/azure/azure_private_dns.go:170.16,172.3 1 0
sigs.k8s.io/external-dns/provider/azure/azure_private_dns.go:174.18,178.93 3 4
sigs.k8s.io/external-dns/provider/azure/azure_private_dns.go:182.3,183.17 2 4
sigs.k8s.io/external-dns/provider/azure/azure_private_dns.go:178.93,180.4 1 4
sigs.k8s.io/external-dns/provider/azure/azure_private_dns.go:183.17,185.4 1 0
sigs.k8s.io/external-dns/provider/azure/azure_private_dns.go:192.131,196.16 3 2
sigs.k8s.io/external-dns/provider/azure/azure_private_dns.go:200.2,200.18 1 2
sigs.k8s.io/external-dns/provider/azure/azure_private_dns.go:209.2,209.12 1 2
sigs.k8s.io/external-dns/provider/azure/azure_private_dns.go:196.16,198.3 1 0
sigs.k8s.io/external-dns/provider/azure/azure_private_dns.go:200.18,204.17 3 14
sigs.k8s.io/external-dns/provider/azure/azure_private_dns.go:204.17,206.4 1 0
sigs.k8s.io/external-dns/provider/azure/azure_private_dns.go:214.154,219.26 5 1
sigs.k8s.io/external-dns/provider/azure/azure_private_dns.go:224.2,224.83 1 1
sigs.k8s.io/external-dns/provider/azure/azure_private_dns.go:237.2,237.40 1 1
sigs.k8s.io/external-dns/provider/azure/azure_private_dns.go:241.2,241.43 1 1
sigs.k8s.io/external-dns/provider/azure/azure_private_dns.go:245.2,245.40 1 1
sigs.k8s.io/external-dns/provider/azure/azure_private_dns.go:249.2,249.43 1 1
sigs.k8s.io/external-dns/provider/azure/azure_private_dns.go:252.2,252.25 1 1
sigs.k8s.io/external-dns/provider/azure/azure_private_dns.go:219.26,220.20 1 2
sigs.k8s.io/external-dns/provider/azure/azure_private_dns.go:220.20,222.4 1 2
sigs.k8s.io/external-dns/provider/azure/azure_private_dns.go:224.83,226.17 2 19
sigs.k8s.io/external-dns/provider/azure/azure_private_dns.go:234.3,234.52 1 14
sigs.k8s.io/external-dns/provider/azure/azure_private_dns.go:226.17,227.45 1 5
sigs.k8s.io/external-dns/provider/azure/azure_private_dns.go:231.4,231.10 1 5
sigs.k8s.io/external-dns/provider/azure/azure_private_dns.go:227.45,230.5 2 4
sigs.k8s.io/external-dns/provider/azure/azure_private_dns.go:237.40,239.3 1 3
sigs.k8s.io/external-dns/provider/azure/azure_private_dns.go:241.43,243.3 1 3
sigs.k8s.io/external-dns/provider/azure/azure_private_dns.go:245.40,247.3 1 10
sigs.k8s.io/external-dns/provider/azure/azure_private_dns.go:249.43,251.3 1 3
sigs.k8s.io/external-dns/provider/azure/azure_private_dns.go:255.104,258.39 2 1
sigs.k8s.io/external-dns/provider/azure/azure_private_dns.go:258.39,259.38 1 1
sigs.k8s.io/external-dns/provider/azure/azure_private_dns.go:259.38,261.16 2 4
sigs.k8s.io/external-dns/provider/azure/azure_private_dns.go:261.16,263.5 1 0
sigs.k8s.io/external-dns/provider/azure/azure_private_dns.go:263.10,265.138 2 4
sigs.k8s.io/external-dns/provider/azure/azure_private_dns.go:265.138,273.6 1 0
sigs.k8s.io/external-dns/provider/azure/azure_private_dns.go:279.104,281.39 2 1
sigs.k8s.io/external-dns/provider/azure/azure_private_dns.go:281.39,282.38 1 2
sigs.k8s.io/external-dns/provider/azure/azure_private_dns.go:282.38,284.16 2 10
sigs.k8s.io/external-dns/provider/azure/azure_private_dns.go:295.4,304.18 3 10
sigs.k8s.io/external-dns/provider/azure/azure_private_dns.go:316.4,316.18 1 10
sigs.k8s.io/external-dns/provider/azure/azure_private_dns.go:284.16,292.13 2 0
sigs.k8s.io/external-dns/provider/azure/azure_private_dns.go:304.18,315.5 1 10
sigs.k8s.io/external-dns/provider/azure/azure_private_dns.go:316.18,325.5 1 0
sigs.k8s.io/external-dns/provider/azure/azure_private_dns.go:330.105,337.16 4 14
sigs.k8s.io/external-dns/provider/azure/azure_private_dns.go:340.2,340.13 1 10
sigs.k8s.io/external-dns/provider/azure/azure_private_dns.go:337.16,339.3 1 4
sigs.k8s.io/external-dns/provider/azure/azure_private_dns.go:343.107,345.39 2 10
sigs.k8s.io/external-dns/provider/azure/azure_private_dns.go:348.2,348.52 1 10
sigs.k8s.io/external-dns/provider/azure/azure_private_dns.go:385.2,385.96 1 0
sigs.k8s.io/external-dns/provider/azure/azure_private_dns.go:345.39,347.3 1 2
sigs.k8s.io/external-dns/provider/azure/azure_private_dns.go:349.20,351.43 2 4
sigs.k8s.io/external-dns/provider/azure/azure_private_dns.go:356.3,361.9 1 4
sigs.k8s.io/external-dns/provider/azure/azure_private_dns.go:362.24,370.9 1 2
sigs.k8s.io/external-dns/provider/azure/azure_private_dns.go:371.22,383.9 1 4
sigs.k8s.io/external-dns/provider/azure/azure_private_dns.go:351.43,355.4 1 5
sigs.k8s.io/external-dns/provider/azure/azure_private_dns.go:389.78,391.23 2 24
sigs.k8s.io/external-dns/provider/azure/azure_private_dns.go:396.2,397.80 2 24
sigs.k8s.io/external-dns/provider/azure/azure_private_dns.go:406.2,407.52 2 16
sigs.k8s.io/external-dns/provider/azure/azure_private_dns.go:412.2,413.80 2 12
sigs.k8s.io/external-dns/provider/azure/azure_private_dns.go:419.2,419.19 1 4
sigs.k8s.io/external-dns/provider/azure/azure_private_dns.go:391.23,393.3 1 0
sigs.k8s.io/external-dns/provider/azure/azure_private_dns.go:397.80,399.37 2 8
sigs.k8s.io/external-dns/provider/azure/azure_private_dns.go:402.3,402.17 1 8
sigs.k8s.io/external-dns/provider/azure/azure_private_dns.go:399.37,401.4 1 11
sigs.k8s.io/external-dns/provider/azure/azure_private_dns.go:407.52,409.3 1 4
sigs.k8s.io/external-dns/provider/azure/azure_private_dns.go:413.80,415.40 2 8
sigs.k8s.io/external-dns/provider/azure/azure_private_dns.go:415.40,417.4 1 8
sigs.k8s.io/external-dns/provider/aws/aws.go:163.64,168.44 2 0
sigs.k8s.io/external-dns/provider/aws/aws.go:175.2,179.16 2 0
sigs.k8s.io/external-dns/provider/aws/aws.go:183.2,183.32 1 0
sigs.k8s.io/external-dns/provider/aws/aws.go:188.2,202.22 2 0
sigs.k8s.io/external-dns/provider/aws/aws.go:168.44,171.5 2 0
sigs.k8s.io/external-dns/provider/aws/aws.go:179.16,181.3 1 0
sigs.k8s.io/external-dns/provider/aws/aws.go:183.32,186.3 2 0
sigs.k8s.io/external-dns/provider/aws/aws.go:206.90,207.87 1 86
sigs.k8s.io/external-dns/provider/aws/aws.go:211.2,216.86 4 23
sigs.k8s.io/external-dns/provider/aws/aws.go:248.2,249.16 2 23
sigs.k8s.io/external-dns/provider/aws/aws.go:252.2,252.19 1 23
sigs.k8s.io/external-dns/provider/aws/aws.go:256.2,256.29 1 23
sigs.k8s.io/external-dns/provider/aws/aws.go:260.2,260.46 1 23
sigs.k8s.io/external-dns/provider/aws/aws.go:265.2,265.19 1 23
sigs.k8s.io/external-dns/provider/aws/aws.go:207.87,210.3 2 63
sigs.k8s.io/external-dns/provider/aws/aws.go:216.86,217.41 1 23
sigs.k8s.io/external-dns/provider/aws/aws.go:245.3,245.14 1 23
sigs.k8s.io/external-dns/provider/aws/aws.go:217.41,218.55 1 92
sigs.k8s.io/external-dns/provider/aws/aws.go:222.4,222.37 1 89
sigs.k8s.io/external-dns/provider/aws/aws.go:226.4,226.57 1 81
sigs.k8s.io/external-dns/provider/aws/aws.go:231.4,231.34 1 61
sigs.k8s.io/external-dns/provider/aws/aws.go:242.4,242.42 1 59
sigs.k8s.io/external-dns/provider/aws/aws.go:218.55,219.13 1 3
sigs.k8s.io/external-dns/provider/aws/aws.go:222.37,223.13 1 8
sigs.k8s.io/external-dns/provider/aws/aws.go:226.57,227.13 1 20
sigs.k8s.io/external-dns/provider/aws/aws.go:231.34,233.19 2 3
sigs.k8s.io/external-dns/provider/aws/aws.go:237.5,237.37 1 3
sigs.k8s.io/external-dns/provider/aws/aws.go:233.19,236.6 2 0
sigs.k8s.io/external-dns/provider/aws/aws.go:237.37,238.14 1 2
sigs.k8s.io/external-dns/provider/aws/aws.go:249.16,251.3 1 0
sigs.k8s.io/external-dns/provider/aws/aws.go:252.19,254.3 1 0
sigs.k8s.io/external-dns/provider/aws/aws.go:256.29,258.3 1 59
sigs.k8s.io/external-dns/provider/aws/aws.go:260.46,263.3 2 19
sigs.k8s.io/external-dns/provider/aws/aws.go:270.40,271.34 1 4149
sigs.k8s.io/external-dns/provider/aws/aws.go:274.2,274.10 1 4149
sigs.k8s.io/external-dns/provider/aws/aws.go:271.34,273.3 1 6
sigs.k8s.io/external-dns/provider/aws/aws.go:278.94,280.16 2 49
sigs.k8s.io/external-dns/provider/aws/aws.go:284.2,284.30 1 49
sigs.k8s.io/external-dns/provider/aws/aws.go:280.16,282.3 1 0
sigs.k8s.io/external-dns/provider/aws/aws.go:287.120,289.93 2 77
sigs.k8s.io/external-dns/provider/aws/aws.go:359.2,359.26 1 77
sigs.k8s.io/external-dns/provider/aws/aws.go:369.2,369.23 1 77
sigs.k8s.io/external-dns/provider/aws/aws.go:289.93,290.45 1 201
sigs.k8s.io/external-dns/provider/aws/aws.go:356.3,356.14 1 201
sigs.k8s.io/external-dns/provider/aws/aws.go:290.45,296.62 2 4149
sigs.k8s.io/external-dns/provider/aws/aws.go:300.4,301.20 2 4149
sigs.k8s.io/external-dns/provider/aws/aws.go:305.4,305.34 1 4149
sigs.k8s.io/external-dns/provider/aws/aws.go:314.4,314.28 1 4149
sigs.k8s.io/external-dns/provider/aws/aws.go:325.4,325.36 1 4149
sigs.k8s.io/external-dns/provider/aws/aws.go:296.62,297.13 1 0
sigs.k8s.io/external-dns/provider/aws/aws.go:301.20,303.5 1 4139
sigs.k8s.io/external-dns/provider/aws/aws.go:305.34,307.44 2 4139
sigs.k8s.io/external-dns/provider/aws/aws.go:311.5,311.154 1 4139
sigs.k8s.io/external-dns/provider/aws/aws.go:307.44,309.6 1 4165
sigs.k8s.io/external-dns/provider/aws/aws.go:314.28,316.17 1 10
sigs.k8s.io/external-dns/provider/aws/aws.go:319.5,322.44 2 10
sigs.k8s.io/external-dns/provider/aws/aws.go:316.17,318.6 1 10
sigs.k8s.io/external-dns/provider/aws/aws.go:325.36,326.31 1 4149
sigs.k8s.io/external-dns/provider/aws/aws.go:352.5,352.38 1 4149
sigs.k8s.io/external-dns/provider/aws/aws.go:326.31,328.13 2 14
sigs.k8s.io/external-dns/provider/aws/aws.go:329.27,330.99 1 4
sigs.k8s.io/external-dns/provider/aws/aws.go:331.27,332.81 1 2
sigs.k8s.io/external-dns/provider/aws/aws.go:333.29,334.85 1 2
sigs.k8s.io/external-dns/provider/aws/aws.go:335.74,336.68 1 2
sigs.k8s.io/external-dns/provider/aws/aws.go:337.32,338.45 1 4
sigs.k8s.io/external-dns/provider/aws/aws.go:348.14,348.14 0 0
sigs.k8s.io/external-dns/provider/aws/aws.go:338.45,340.8 1 2
sigs.k8s.io/external-dns/provider/aws/aws.go:340.13,341.44 1 2
sigs.k8s.io/external-dns/provider/aws/aws.go:344.8,344.48 1 2
sigs.k8s.io/external-dns/provider/aws/aws.go:341.44,343.9 1 2
sigs.k8s.io/external-dns/provider/aws/aws.go:344.48,346.9 1 0
sigs.k8s.io/external-dns/provider/aws/aws.go:359.26,364.89 2 201
sigs.k8s.io/external-dns/provider/aws/aws.go:364.89,366.4 1 0
sigs.k8s.io/external-dns/provider/aws/aws.go:373.96,375.2 1 24
sigs.k8s.io/external-dns/provider/aws/aws.go:378.99,380.2 1 1
sigs.k8s.io/external-dns/provider/aws/aws.go:383.96,385.2 1 1
sigs.k8s.io/external-dns/provider/aws/aws.go:387.107,389.16 2 26
sigs.k8s.io/external-dns/provider/aws/aws.go:393.2,394.16 2 26
sigs.k8s.io/external-dns/provider/aws/aws.go:397.2,397.85 1 26
sigs.k8s.io/external-dns/provider/aws/aws.go:389.16,391.3 1 0
sigs.k8s.io/external-dns/provider/aws/aws.go:394.16,396.3 1 0
[...]
sigs.k8s.io/external-dns/source/ocproute.go:199.40,202.3 2 0
sigs.k8s.io/external-dns/source/ocproute.go:206.104,208.16 2 0
sigs.k8s.io/external-dns/source/ocproute.go:211.2,212.16 2 0
sigs.k8s.io/external-dns/source/ocproute.go:217.2,217.22 1 0
sigs.k8s.io/external-dns/source/ocproute.go:221.2,223.37 2 0
sigs.k8s.io/external-dns/source/ocproute.go:233.2,233.26 1 0
sigs.k8s.io/external-dns/source/ocproute.go:208.16,210.3 1 0
sigs.k8s.io/external-dns/source/ocproute.go:212.16,214.3 1 0
sigs.k8s.io/external-dns/source/ocproute.go:217.22,219.3 1 0
sigs.k8s.io/external-dns/source/ocproute.go:223.37,228.36 2 0
sigs.k8s.io/external-dns/source/ocproute.go:228.36,230.4 1 0
sigs.k8s.io/external-dns/source/ocproute.go:236.103,237.31 1 0
sigs.k8s.io/external-dns/source/ocproute.go:237.31,239.3 1 0
sigs.k8s.io/external-dns/source/ocproute.go:243.106,247.16 3 0
sigs.k8s.io/external-dns/source/ocproute.go:251.2,253.23 2 0
sigs.k8s.io/external-dns/source/ocproute.go:257.2,259.44 2 0
sigs.k8s.io/external-dns/source/ocproute.go:264.2,264.31 1 0
sigs.k8s.io/external-dns/source/ocproute.go:270.2,270.18 1 0
sigs.k8s.io/external-dns/source/ocproute.go:247.16,249.3 1 0
sigs.k8s.io/external-dns/source/ocproute.go:253.23,255.3 1 0
sigs.k8s.io/external-dns/source/ocproute.go:259.44,261.3 1 0
sigs.k8s.io/external-dns/source/ocproute.go:264.31,266.41 2 0
sigs.k8s.io/external-dns/source/ocproute.go:266.41,268.4 1 0
sigs.k8s.io/external-dns/source/ocproute.go:273.78,276.37 2 0
sigs.k8s.io/external-dns/source/ocproute.go:282.2,282.16 1 0
sigs.k8s.io/external-dns/source/ocproute.go:276.37,277.40 1 0
sigs.k8s.io/external-dns/source/ocproute.go:277.40,279.4 1 0
sigs.k8s.io/external-dns/source/connector.go:41.62,45.2 1 4
sigs.k8s.io/external-dns/source/connector.go:48.89,52.16 3 4
sigs.k8s.io/external-dns/source/connector.go:56.2,59.51 3 3
sigs.k8s.io/external-dns/source/connector.go:64.2,66.23 2 3
sigs.k8s.io/external-dns/source/connector.go:52.16,55.3 2 1
sigs.k8s.io/external-dns/source/connector.go:59.51,62.3 2 0
sigs.k8s.io/external-dns/source/connector.go:69.82,70.2 0 0
sigs.k8s.io/external-dns/source/httpproxy.go:65.19,70.24 2 38
sigs.k8s.io/external-dns/source/httpproxy.go:81.2,87.35 3 37
sigs.k8s.io/external-dns/source/httpproxy.go:93.2,96.63 2 37
sigs.k8s.io/external-dns/source/httpproxy.go:99.2,99.16 1 37
sigs.k8s.io/external-dns/source/httpproxy.go:103.2,104.16 2 37
sigs.k8s.io/external-dns/source/httpproxy.go:108.2,117.8 1 37
sigs.k8s.io/external-dns/source/httpproxy.go:70.24,74.17 2 18
sigs.k8s.io/external-dns/source/httpproxy.go:74.17,76.4 1 1
sigs.k8s.io/external-dns/source/httpproxy.go:87.36,88.5 0 33
sigs.k8s.io/external-dns/source/httpproxy.go:96.63,98.3 1 37
sigs.k8s.io/external-dns/source/httpproxy.go:99.16,101.3 1 0
sigs.k8s.io/external-dns/source/httpproxy.go:104.16,106.3 1 0
sigs.k8s.io/external-dns/source/httpproxy.go:122.89,124.16 2 24
sigs.k8s.io/external-dns/source/httpproxy.go:129.2,130.25 2 24
sigs.k8s.io/external-dns/source/httpproxy.go:144.2,145.16 2 24
sigs.k8s.io/external-dns/source/httpproxy.go:149.2,151.33 2 23
sigs.k8s.io/external-dns/source/httpproxy.go:192.2,192.31 1 23
sigs.k8s.io/external-dns/source/httpproxy.go:196.2,196.23 1 23
sigs.k8s.io/external-dns/source/httpproxy.go:124.16,126.3 1 0
sigs.k8s.io/external-dns/source/httpproxy.go:130.25,132.10 2 32
sigs.k8s.io/external-dns/source/httpproxy.go:136.3,138.17 3 32
sigs.k8s.io/external-dns/source/httpproxy.go:141.3,141.49 1 32
sigs.k8s.io/external-dns/source/httpproxy.go:132.10,134.4 1 0
sigs.k8s.io/external-dns/source/httpproxy.go:138.17,140.4 1 0
sigs.k8s.io/external-dns/source/httpproxy.go:145.16,147.3 1 1
sigs.k8s.io/external-dns/source/httpproxy.go:151.33,154.52 2 29
sigs.k8s.io/external-dns/source/httpproxy.go:163.3,164.17 2 27
sigs.k8s.io/external-dns/source/httpproxy.go:169.3,169.84 1 27
sigs.k8s.io/external-dns/source/httpproxy.go:182.3,182.28 1 27
sigs.k8s.io/external-dns/source/httpproxy.go:187.3,189.48 3 26
sigs.k8s.io/external-dns/source/httpproxy.go:154.52,157.12 2 2
sigs.k8s.io/external-dns/source/httpproxy.go:158.9,158.48 1 27
sigs.k8s.io/external-dns/source/httpproxy.go:158.48,160.12 2 0
sigs.k8s.io/external-dns/source/httpproxy.go:164.17,166.4 1 0
sigs.k8s.io/external-dns/source/httpproxy.go:169.84,171.18 2 8
sigs.k8s.io/external-dns/source/httpproxy.go:175.4,175.32 1 8
sigs.k8s.io/external-dns/source/httpproxy.go:171.18,173.5 1 0
sigs.k8s.io/external-dns/source/httpproxy.go:175.32,177.5 1 2
sigs.k8s.io/external-dns/source/httpproxy.go:177.10,179.5 1 6
sigs.k8s.io/external-dns/source/httpproxy.go:182.28,184.12 2 1
sigs.k8s.io/external-dns/source/httpproxy.go:192.31,194.3 1 42
sigs.k8s.io/external-dns/source/httpproxy.go:199.117,203.16 3 8
sigs.k8s.io/external-dns/source/httpproxy.go:207.2,210.16 3 8
sigs.k8s.io/external-dns/source/httpproxy.go:214.2,216.23 2 8
sigs.k8s.io/external-dns/source/httpproxy.go:227.2,232.40 4 8
sigs.k8s.io/external-dns/source/httpproxy.go:236.2,236.23 1 8
sigs.k8s.io/external-dns/source/httpproxy.go:203.16,205.3 1 0
sigs.k8s.io/external-dns/source/httpproxy.go:210.16,212.3 1 0
sigs.k8s.io/external-dns/source/httpproxy.go:216.23,217.60 1 4
sigs.k8s.io/external-dns/source/httpproxy.go:217.60,218.19 1 4
sigs.k8s.io/external-dns/source/httpproxy.go:221.4,221.25 1 4
sigs.k8s.io/external-dns/source/httpproxy.go:218.19,220.5 1 3
sigs.k8s.io/external-dns/source/httpproxy.go:221.25,223.5 1 1
sigs.k8s.io/external-dns/source/httpproxy.go:232.40,235.3 2 11
sigs.k8s.io/external-dns/source/httpproxy.go:240.126,242.16 2 24
sigs.k8s.io/external-dns/source/httpproxy.go:245.2,246.16 2 23
sigs.k8s.io/external-dns/source/httpproxy.go:251.2,251.22 1 23
sigs.k8s.io/external-dns/source/httpproxy.go:255.2,257.40 2 4
sigs.k8s.io/external-dns/source/httpproxy.go:267.2,267.26 1 4
sigs.k8s.io/external-dns/source/httpproxy.go:242.16,244.3 1 1
sigs.k8s.io/external-dns/source/httpproxy.go:246.16,248.3 1 0
sigs.k8s.io/external-dns/source/httpproxy.go:251.22,253.3 1 19
sigs.k8s.io/external-dns/source/httpproxy.go:257.40,262.36 2 4
sigs.k8s.io/external-dns/source/httpproxy.go:262.36,264.4 1 2
sigs.k8s.io/external-dns/source/httpproxy.go:270.114,271.31 1 26
sigs.k8s.io/external-dns/source/httpproxy.go:271.31,273.3 1 42
sigs.k8s.io/external-dns/source/httpproxy.go:277.118,278.47 1 34
sigs.k8s.io/external-dns/source/httpproxy.go:283.2,286.16 3 33
sigs.k8s.io/external-dns/source/httpproxy.go:290.2,292.23 2 33
sigs.k8s.io/external-dns/source/httpproxy.go:303.2,305.67 2 33
sigs.k8s.io/external-dns/source/httpproxy.go:312.2,312.34 1 33
sigs.k8s.io/external-dns/source/httpproxy.go:319.2,319.23 1 33
sigs.k8s.io/external-dns/source/httpproxy.go:278.47,281.3 2 1
sigs.k8s.io/external-dns/source/httpproxy.go:286.16,288.3 1 0
sigs.k8s.io/external-dns/source/httpproxy.go:292.23,293.60 1 22
sigs.k8s.io/external-dns/source/httpproxy.go:293.60,294.19 1 29
sigs.k8s.io/external-dns/source/httpproxy.go:297.4,297.25 1 29
sigs.k8s.io/external-dns/source/httpproxy.go:294.19,296.5 1 18
sigs.k8s.io/external-dns/source/httpproxy.go:297.25,299.5 1 11
sigs.k8s.io/external-dns/source/httpproxy.go:305.67,306.43 1 32
sigs.k8s.io/external-dns/source/httpproxy.go:306.43,308.4 1 23
sigs.k8s.io/external-dns/source/httpproxy.go:312.34,314.41 2 31
sigs.k8s.io/external-dns/source/httpproxy.go:314.41,316.4 1 4
sigs.k8s.io/external-dns/source/httpproxy.go:322.81,329.35 2 0
sigs.k8s.io/external-dns/source/httpproxy.go:329.35,331.5 1 0
sigs.k8s.io/external-dns/source/httpproxy.go:332.55,334.5 1 0
sigs.k8s.io/external-dns/source/httpproxy.go:335.38,337.5 1 0
sigs.k8s.io/external-dns/source/ingressroute.go:70.19,75.24 2 38
sigs.k8s.io/external-dns/source/ingressroute.go:84.2,84.89 1 37
sigs.k8s.io/external-dns/source/ingressroute.go:90.2,96.35 3 37
sigs.k8s.io/external-dns/source/ingressroute.go:102.2,105.63 2 37
sigs.k8s.io/external-dns/source/ingressroute.go:108.2,108.16 1 37
sigs.k8s.io/external-dns/source/ingressroute.go:112.2,113.16 2 37
sigs.k8s.io/external-dns/source/ingressroute.go:117.2,128.8 1 37
sigs.k8s.io/external-dns/source/ingressroute.go:75.24,79.17 2 18
sigs.k8s.io/external-dns/source/ingressroute.go:79.17,81.4 1 1
sigs.k8s.io/external-dns/source/ingressroute.go:84.89,86.3 1 0
sigs.k8s.io/external-dns/source/ingressroute.go:96.36,97.5 0 33
sigs.k8s.io/external-dns/source/ingressroute.go:105.63,107.3 1 37
sigs.k8s.io/external-dns/source/ingressroute.go:108.16,110.3 1 0
sigs.k8s.io/external-dns/source/ingressroute.go:113.16,115.3 1 0
sigs.k8s.io/external-dns/source/ingressroute.go:133.92,135.16 2 24
sigs.k8s.io/external-dns/source/ingressroute.go:140.2,141.25 2 24
sigs.k8s.io/external-dns/source/ingressroute.go:155.2,156.16 2 24
sigs.k8s.io/external-dns/source/ingressroute.go:160.2,162.35 2 23
sigs.k8s.io/external-dns/source/ingressroute.go:203.2,203.31 1 23
sigs.k8s.io/external-dns/source/ingressroute.go:207.2,207.23 1 23
sigs.k8s.io/external-dns/source/ingressroute.go:135.16,137.3 1 0
sigs.k8s.io/external-dns/source/ingressroute.go:141.25,143.10 2 32
sigs.k8s.io/external-dns/source/ingressroute.go:147.3,149.17 3 32
sigs.k8s.io/external-dns/source/ingressroute.go:152.3,152.53 1 32
sigs.k8s.io/external-dns/source/ingressroute.go:143.10,145.4 1 0
sigs.k8s.io/external-dns/source/ingressroute.go:149.17,151.4 1 0
sigs.k8s.io/external-dns/source/ingressroute.go:156.16,158.3 1 1
sigs.k8s.io/external-dns/source/ingressroute.go:162.35,165.52 2 29
sigs.k8s.io/external-dns/source/ingressroute.go:174.3,175.17 2 27
sigs.k8s.io/external-dns/source/ingressroute.go:180.3,180.84 1 27
sigs.k8s.io/external-dns/source/ingressroute.go:193.3,193.28 1 27
sigs.k8s.io/external-dns/source/ingressroute.go:198.3,200.48 3 26
sigs.k8s.io/external-dns/source/ingressroute.go:165.52,168.12 2 2
sigs.k8s.io/external-dns/source/ingressroute.go:169.9,169.41 1 27
sigs.k8s.io/external-dns/source/ingressroute.go:169.41,171.12 2 0
sigs.k8s.io/external-dns/source/ingressroute.go:175.17,177.4 1 0
sigs.k8s.io/external-dns/source/ingressroute.go:180.84,182.18 2 8
sigs.k8s.io/external-dns/source/ingressroute.go:186.4,186.32 1 8
sigs.k8s.io/external-dns/source/ingressroute.go:182.18,184.5 1 0
sigs.k8s.io/external-dns/source/ingressroute.go:186.32,188.5 1 2
sigs.k8s.io/external-dns/source/ingressroute.go:188.10,190.5 1 6
sigs.k8s.io/external-dns/source/ingressroute.go:193.28,195.12 2 1
sigs.k8s.io/external-dns/source/ingressroute.go:203.31,205.3 1 42
sigs.k8s.io/external-dns/source/ingressroute.go:210.140,214.16 3 8
sigs.k8s.io/external-dns/source/ingressroute.go:218.2,221.16 3 8
sigs.k8s.io/external-dns/source/ingressroute.go:225.2,227.23 2 8
sigs.k8s.io/external-dns/source/ingressroute.go:234.2,239.40 4 8
sigs.k8s.io/external-dns/source/ingressroute.go:243.2,243.23 1 8
sigs.k8s.io/external-dns/source/ingressroute.go:214.16,216.3 1 0
sigs.k8s.io/external-dns/source/ingressroute.go:221.16,223.3 1 0
sigs.k8s.io/external-dns/source/ingressroute.go:227.23,229.17 2 4
sigs.k8s.io/external-dns/source/ingressroute.go:229.17,231.4 1 0
sigs.k8s.io/external-dns/source/ingressroute.go:239.40,242.3 2 11
sigs.k8s.io/external-dns/source/ingressroute.go:247.123,249.16 2 24
sigs.k8s.io/external-dns/source/ingressroute.go:252.2,253.16 2 23
sigs.k8s.io/external-dns/source/ingressroute.go:258.2,258.22 1 23
sigs.k8s.io/external-dns/source/ingressroute.go:262.2,264.45 2 4
sigs.k8s.io/external-dns/source/ingressroute.go:274.2,274.26 1 4
sigs.k8s.io/external-dns/source/ingressroute.go:249.16,251.3 1 1
sigs.k8s.io/external-dns/source/ingressroute.go:253.16,255.3 1 0
sigs.k8s.io/external-dns/source/ingressroute.go:258.22,260.3 1 19
sigs.k8s.io/external-dns/source/ingressroute.go:264.45,269.36 2 4
sigs.k8s.io/external-dns/source/ingressroute.go:269.36,271.4 1 2
sigs.k8s.io/external-dns/source/ingressroute.go:277.116,278.31 1 26
sigs.k8s.io/external-dns/source/ingressroute.go:278.31,280.3 1 42
sigs.k8s.io/external-dns/source/ingressroute.go:283.121,285.16 2 26
sigs.k8s.io/external-dns/source/ingressroute.go:288.2,288.112 1 26
sigs.k8s.io/external-dns/source/ingressroute.go:301.2,301.8 1 26
sigs.k8s.io/external-dns/source/ingressroute.go:285.16,287.3 1 0
sigs.k8s.io/external-dns/source/ingressroute.go:288.112,290.3 1 0
sigs.k8s.io/external-dns/source/ingressroute.go:290.8,291.54 1 26
sigs.k8s.io/external-dns/source/ingressroute.go:291.54,292.19 1 38
sigs.k8s.io/external-dns/source/ingressroute.go:295.4,295.25 1 38
sigs.k8s.io/external-dns/source/ingressroute.go:292.19,294.5 1 23
sigs.k8s.io/external-dns/source/ingressroute.go:295.25,297.5 1 15
sigs.k8s.io/external-dns/source/ingressroute.go:305.144,306.43 1 34
sigs.k8s.io/external-dns/source/ingressroute.go:311.2,314.16 3 33
sigs.k8s.io/external-dns/source/ingressroute.go:318.2,320.23 2 33
sigs.k8s.io/external-dns/source/ingressroute.go:327.2,329.70 2 33
sigs.k8s.io/external-dns/source/ingressroute.go:336.2,336.34 1 33
sigs.k8s.io/external-dns/source/ingressroute.go:343.2,343.23 1 33
sigs.k8s.io/external-dns/source/ingressroute.go:306.43,309.3 2 1
sigs.k8s.io/external-dns/source/ingressroute.go:314.16,316.3 1 0
sigs.k8s.io/external-dns/source/ingressroute.go:320.23,322.17 2 22
sigs.k8s.io/external-dns/source/ingressroute.go:322.17,324.4 1 0
sigs.k8s.io/external-dns/source/ingressroute.go:329.70,330.43 1 32
sigs.k8s.io/external-dns/source/ingressroute.go:330.43,332.4 1 23
sigs.k8s.io/external-dns/source/ingressroute.go:336.34,338.41 2 31
sigs.k8s.io/external-dns/source/ingressroute.go:338.41,340.4 1 4
sigs.k8s.io/external-dns/source/ingressroute.go:346.90,348.21 2 63
sigs.k8s.io/external-dns/source/ingressroute.go:354.2,354.8 1 63
sigs.k8s.io/external-dns/source/ingressroute.go:348.21,350.3 1 0
sigs.k8s.io/external-dns/source/ingressroute.go:350.8,352.3 1 63
sigs.k8s.io/external-dns/source/ingressroute.go:357.85,358.2 0 0
sigs.k8s.io/external-dns/source/source.go:71.81,74.13 3 315
sigs.k8s.io/external-dns/source/source.go:77.2,78.16 2 31
sigs.k8s.io/external-dns/source/source.go:81.2,81.52 1 27
sigs.k8s.io/external-dns/source/source.go:84.2,84.36 1 24
sigs.k8s.io/external-dns/source/source.go:74.13,76.3 1 284
sigs.k8s.io/external-dns/source/source.go:78.16,80.3 1 4
sigs.k8s.io/external-dns/source/source.go:81.52,83.3 1 3
sigs.k8s.io/external-dns/source/source.go:93.55,95.16 2 31
sigs.k8s.io/external-dns/source/source.go:99.2,99.42 1 7
sigs.k8s.io/external-dns/source/source.go:95.16,97.3 1 24
sigs.k8s.io/external-dns/source/source.go:102.74,104.13 2 247
sigs.k8s.io/external-dns/source/source.go:107.2,107.77 1 56
sigs.k8s.io/external-dns/source/source.go:104.13,106.3 1 191
sigs.k8s.io/external-dns/source/source.go:110.66,113.2 2 298
sigs.k8s.io/external-dns/source/source.go:115.104,119.12 3 298
sigs.k8s.io/external-dns/source/source.go:125.2,125.42 1 298
sigs.k8s.io/external-dns/source/source.go:131.2,132.32 2 298
sigs.k8s.io/external-dns/source/source.go:149.2,149.51 1 298
sigs.k8s.io/external-dns/source/source.go:119.12,124.3 1 0
sigs.k8s.io/external-dns/source/source.go:125.42,130.3 1 1
sigs.k8s.io/external-dns/source/source.go:132.32,133.28 1 194
sigs.k8s.io/external-dns/source/source.go:133.28,135.4 1 0
sigs.k8s.io/external-dns/source/source.go:135.9,135.75 1 194
sigs.k8s.io/external-dns/source/source.go:135.75,141.4 2 0
sigs.k8s.io/external-dns/source/source.go:141.9,141.75 1 194
sigs.k8s.io/external-dns/source/source.go:141.75,147.4 2 0
sigs.k8s.io/external-dns/source/source.go:154.85,159.38 3 297
sigs.k8s.io/external-dns/source/source.go:167.2,167.16 1 297
sigs.k8s.io/external-dns/source/source.go:159.38,162.46 2 68
sigs.k8s.io/external-dns/source/source.go:162.46,165.4 2 68
sigs.k8s.io/external-dns/source/source.go:172.41,173.32 1 387
sigs.k8s.io/external-dns/source/source.go:176.2,176.33 1 166
sigs.k8s.io/external-dns/source/source.go:173.32,175.3 1 221
sigs.k8s.io/external-dns/source/source.go:180.175,186.28 4 238
sigs.k8s.io/external-dns/source/source.go:195.2,195.23 1 238
sigs.k8s.io/external-dns/source/source.go:208.2,208.27 1 238
sigs.k8s.io/external-dns/source/source.go:221.2,221.18 1 238
sigs.k8s.io/external-dns/source/source.go:186.28,187.26 1 286
sigs.k8s.io/external-dns/source/source.go:188.29,189.34 1 134
sigs.k8s.io/external-dns/source/source.go:190.11,191.42 1 152
sigs.k8s.io/external-dns/source/source.go:195.23,206.3 2 128
sigs.k8s.io/external-dns/source/source.go:208.27,219.3 2 141
sigs.k8s.io/external-dns/source/source.go:224.73,226.16 2 43
sigs.k8s.io/external-dns/source/source.go:229.2,229.54 1 42
sigs.k8s.io/external-dns/source/source.go:226.16,228.3 1 1
sigs.k8s.io/external-dns/source/source.go:232.90,235.2 2 12
sigs.k8s.io/external-dns/source/source.go:237.94,238.21 1 346
sigs.k8s.io/external-dns/source/source.go:255.2,255.48 1 0
sigs.k8s.io/external-dns/source/source.go:238.21,243.17 3 346
sigs.k8s.io/external-dns/source/source.go:247.3,247.9 1 344
sigs.k8s.io/external-dns/source/source.go:251.3,252.29 2 0
sigs.k8s.io/external-dns/source/source.go:243.17,245.4 1 2
sigs.k8s.io/external-dns/source/source.go:247.9,249.4 1 344
sigs.k8s.io/external-dns/source/crd.go:48.84,55.2 3 18
sigs.k8s.io/external-dns/source/crd.go:58.159,59.22 1 0
sigs.k8s.io/external-dns/source/crd.go:65.2,66.16 2 0
sigs.k8s.io/external-dns/source/crd.go:70.2,71.16 2 0
sigs.k8s.io/external-dns/source/crd.go:74.2,75.16 2 0
sigs.k8s.io/external-dns/source/crd.go:79.2,80.59 2 0
sigs.k8s.io/external-dns/source/crd.go:86.2,86.27 1 0
sigs.k8s.io/external-dns/source/crd.go:90.2,98.16 7 0
sigs.k8s.io/external-dns/source/crd.go:101.2,101.31 1 0
sigs.k8s.io/external-dns/source/crd.go:59.22,60.67 1 0
sigs.k8s.io/external-dns/source/crd.go:60.67,62.4 1 0
sigs.k8s.io/external-dns/source/crd.go:66.16,68.3 1 0
sigs.k8s.io/external-dns/source/crd.go:71.16,73.3 1 0
sigs.k8s.io/external-dns/source/crd.go:75.16,77.3 1 0
sigs.k8s.io/external-dns/source/crd.go:80.59,81.31 1 0
sigs.k8s.io/external-dns/source/crd.go:81.31,83.9 2 0
sigs.k8s.io/external-dns/source/crd.go:86.27,88.3 1 0
sigs.k8s.io/external-dns/source/crd.go:98.16,100.3 1 0
sigs.k8s.io/external-dns/source/crd.go:105.134,113.2 1 9
sigs.k8s.io/external-dns/source/crd.go:115.76,116.2 0 0
sigs.k8s.io/external-dns/source/crd.go:119.83,123.16 3 9
sigs.k8s.io/external-dns/source/crd.go:127.2,128.16 2 7
sigs.k8s.io/external-dns/source/crd.go:132.2,132.43 1 7
sigs.k8s.io/external-dns/source/crd.go:175.2,175.23 1 7
sigs.k8s.io/external-dns/source/crd.go:123.16,125.3 1 2
sigs.k8s.io/external-dns/source/crd.go:128.16,130.3 1 0
sigs.k8s.io/external-dns/source/crd.go:132.43,135.49 2 5
sigs.k8s.io/external-dns/source/crd.go:160.3,163.70 3 5
sigs.k8s.io/external-dns/source/crd.go:167.3,170.17 3 5
sigs.k8s.io/external-dns/source/crd.go:135.49,136.108 1 6
sigs.k8s.io/external-dns/source/crd.go:141.4,142.38 2 5
sigs.k8s.io/external-dns/source/crd.go:148.4,148.21 1 5
sigs.k8s.io/external-dns/source/crd.go:153.4,153.24 1 5
sigs.k8s.io/external-dns/source/crd.go:157.4,157.43 1 5
sigs.k8s.io/external-dns/source/crd.go:136.108,138.13 2 1
sigs.k8s.io/external-dns/source/crd.go:142.38,143.39 1 5
sigs.k8s.io/external-dns/source/crd.go:143.39,145.11 2 0
sigs.k8s.io/external-dns/source/crd.go:148.21,150.13 2 0
sigs.k8s.io/external-dns/source/crd.go:153.24,155.5 1 5
sigs.k8s.io/external-dns/source/crd.go:163.70,164.12 1 0
sigs.k8s.io/external-dns/source/crd.go:170.17,172.4 1 0
sigs.k8s.io/external-dns/source/crd.go:178.98,179.31 1 5
sigs.k8s.io/external-dns/source/crd.go:179.31,181.3 1 5
sigs.k8s.io/external-dns/source/crd.go:184.120,193.2 3 13
sigs.k8s.io/external-dns/source/crd.go:195.133,206.2 3 5
sigs.k8s.io/external-dns/source/crd.go:209.117,211.16 2 7
sigs.k8s.io/external-dns/source/crd.go:214.2,215.16 2 7
sigs.k8s.io/external-dns/source/crd.go:220.2,220.22 1 7
sigs.k8s.io/external-dns/source/crd.go:224.2,226.49 2 2
sigs.k8s.io/external-dns/source/crd.go:236.2,236.27 1 2
sigs.k8s.io/external-dns/source/crd.go:211.16,213.3 1 0
sigs.k8s.io/external-dns/source/crd.go:215.16,217.3 1 0
sigs.k8s.io/external-dns/source/crd.go:220.22,222.3 1 5
sigs.k8s.io/external-dns/source/crd.go:226.49,231.36 2 2
sigs.k8s.io/external-dns/source/crd.go:231.36,233.4 1 1
